{
"contracts/gelato_core/gelato_provider_module_examples/gelato_user_proxy_provider/IProviderModuleGelatoUserProxy.sol":{"l":{},"path":"/Users/luis/Desktop/gelato-gnosis-safe/contracts/gelato_core/gelato_provider_module_examples/gelato_user_proxy_provider/IProviderModuleGelatoUserProxy.sol","s":{},"b":{},"f":{},"fnMap":{},"statementMap":{},"branchMap":{}},
"contracts/gelato_core/gelato_provider_module_examples/gelato_user_proxy_provider/ProviderModuleGelatoUserProxy.sol":{"l":{"30":0,"31":0,"32":0,"33":0,"34":0,"36":0,"45":0,"46":0,"51":0,"56":0,"62":0,"63":0,"67":0,"68":0,"73":0,"74":0,"78":0,"79":0},"path":"/Users/luis/Desktop/gelato-gnosis-safe/contracts/gelato_core/gelato_provider_module_examples/gelato_user_proxy_provider/ProviderModuleGelatoUserProxy.sol","s":{"1":0,"2":0,"3":0,"4":0,"5":0,"6":0,"7":0,"8":0,"9":0,"10":0,"11":0,"12":0,"13":0,"14":0,"15":0,"16":0,"17":0,"18":0},"b":{"1":[0,0],"2":[0,0],"3":[0,0],"4":[0,0],"5":[0,0]},"f":{"1":0,"2":0,"3":0,"4":0,"5":0},"fnMap":{"1":{"name":"constructor","line":19,"loc":{"start":{"line":19,"column":4},"end":{"line":19,"column":45}}},"2":{"name":"isProvided","line":24,"loc":{"start":{"line":24,"column":4},"end":{"line":29,"column":5}}},"3":{"name":"execPayload","line":39,"loc":{"start":{"line":39,"column":4},"end":{"line":44,"column":5}}},"4":{"name":"provideProxyExtcodehashes","line":61,"loc":{"start":{"line":61,"column":89},"end":{"line":61,"column":3}}},"5":{"name":"unprovideProxyExtcodehashes","line":72,"loc":{"start":{"line":72,"column":91},"end":{"line":72,"column":3}}}},"statementMap":{"1":{"start":{"line":19,"column":50},"end":{"line":19,"column":82}},"2":{"start":{"line":30,"column":8},"end":{"line":30,"column":41}},"3":{"start":{"line":31,"column":8},"end":{"line":31,"column":24}},"4":{"start":{"line":33,"column":8},"end":{"line":33,"column":1309}},"5":{"start":{"line":34,"column":12},"end":{"line":34,"column":80}},"6":{"start":{"line":36,"column":8},"end":{"line":36,"column":19}},"7":{"start":{"line":45,"column":8},"end":{"line":45,"column":1535}},"8":{"start":{"line":46,"column":12},"end":{"line":46,"column":1579}},"9":{"start":{"line":50,"column":15},"end":{"line":50,"column":1726}},"10":{"start":{"line":51,"column":12},"end":{"line":51,"column":1771}},"11":{"start":{"line":56,"column":12},"end":{"line":56,"column":81}},"12":{"start":{"line":62,"column":8},"end":{"line":62,"column":2142}},"13":{"start":{"line":63,"column":12},"end":{"line":63,"column":2198}},"14":{"start":{"line":67,"column":12},"end":{"line":67,"column":56}},"15":{"start":{"line":68,"column":12},"end":{"line":68,"column":55}},"16":{"start":{"line":73,"column":8},"end":{"line":73,"column":2596}},"17":{"start":{"line":74,"column":12},"end":{"line":74,"column":2652}},"18":{"start":{"line":79,"column":12},"end":{"line":79,"column":57}}},"branchMap":{"1":{"line":33,"type":"if","locations":[{"start":{"line":33,"column":8},"end":{"line":33,"column":8}},{"start":{"line":33,"column":8},"end":{"line":33,"column":8}}]},"2":{"line":45,"type":"if","locations":[{"start":{"line":45,"column":8},"end":{"line":45,"column":8}},{"start":{"line":45,"column":8},"end":{"line":45,"column":8}}]},"3":{"line":50,"type":"if","locations":[{"start":{"line":50,"column":15},"end":{"line":50,"column":15}},{"start":{"line":50,"column":15},"end":{"line":50,"column":15}}]},"4":{"line":63,"type":"if","locations":[{"start":{"line":63,"column":12},"end":{"line":63,"column":12}},{"start":{"line":63,"column":12},"end":{"line":63,"column":12}}]},"5":{"line":74,"type":"if","locations":[{"start":{"line":74,"column":12},"end":{"line":74,"column":12}},{"start":{"line":74,"column":12},"end":{"line":74,"column":12}}]}}},
"contracts/gelato_core/gelato_provider_module_examples/gnosis_safe_proxy_provider/IProviderModuleGnosisSafeProxy.sol":{"l":{},"path":"/Users/luis/Desktop/gelato-gnosis-safe/contracts/gelato_core/gelato_provider_module_examples/gnosis_safe_proxy_provider/IProviderModuleGnosisSafeProxy.sol","s":{},"b":{},"f":{},"fnMap":{},"statementMap":{},"branchMap":{}},
"contracts/gelato_core/gelato_provider_module_examples/gnosis_safe_proxy_provider/ProviderModuleGnosisSafeProxy.sol":{"l":{"29":0,"30":0,"42":0,"43":0,"44":0,"45":0,"46":0,"47":0,"48":0,"49":0,"50":0,"51":0,"52":0,"61":0,"62":0,"64":0,"65":0,"67":0,"70":0,"79":0,"81":0,"82":0,"89":0,"92":0,"97":0,"105":0,"111":0,"112":0,"116":0,"117":0,"122":0,"123":0,"127":0,"128":0,"133":0,"134":0,"138":0,"139":0,"144":0,"145":0,"149":0,"150":0,"160":0,"161":0,"169":0,"170":0,"174":0,"175":0,"183":0,"184":0,"185":0,"186":0},"path":"/Users/luis/Desktop/gelato-gnosis-safe/contracts/gelato_core/gelato_provider_module_examples/gnosis_safe_proxy_provider/ProviderModuleGnosisSafeProxy.sol","s":{"1":0,"2":0,"3":0,"4":0,"5":0,"6":0,"7":0,"8":0,"9":0,"10":0,"11":0,"12":0,"13":0,"14":0,"15":0,"16":0,"17":0,"18":0,"19":0,"20":0,"21":0,"22":0,"23":0,"24":0,"25":0,"26":0,"27":0,"28":0,"29":0,"30":0,"31":0,"32":0,"33":0,"34":0,"35":0,"36":0,"37":0,"38":0,"39":0,"40":0,"41":0,"42":0,"43":0,"44":0,"45":0,"46":0,"47":0,"48":0,"49":0,"50":0,"51":0,"52":0,"53":0},"b":{"1":[0,0],"2":[0,0],"3":[0,0],"4":[0,0],"5":[0,0],"6":[0,0],"7":[0,0],"8":[0,0],"9":[0,0],"10":[0,0],"11":[0,0],"12":[0,0],"13":[0,0]},"f":{"1":0,"2":0,"3":0,"4":0,"5":0,"6":0,"7":0,"8":0,"9":0,"10":0,"11":0},"fnMap":{"1":{"name":"constructor","line":26,"loc":{"start":{"line":26,"column":4},"end":{"line":28,"column":5}}},"2":{"name":"isProvided","line":36,"loc":{"start":{"line":36,"column":4},"end":{"line":41,"column":5}}},"3":{"name":"execPayload","line":55,"loc":{"start":{"line":55,"column":4},"end":{"line":60,"column":5}}},"4":{"name":"provideProxyExtcodehashes","line":110,"loc":{"start":{"line":110,"column":89},"end":{"line":110,"column":3}}},"5":{"name":"unprovideProxyExtcodehashes","line":121,"loc":{"start":{"line":121,"column":91},"end":{"line":121,"column":3}}},"6":{"name":"provideMastercopies","line":132,"loc":{"start":{"line":132,"column":89},"end":{"line":132,"column":3}}},"7":{"name":"unprovideMastercopies","line":143,"loc":{"start":{"line":143,"column":91},"end":{"line":143,"column":3}}},"8":{"name":"batchProvide","line":158,"loc":{"start":{"line":158,"column":16},"end":{"line":159,"column":5}}},"9":{"name":"batchUnprovide","line":167,"loc":{"start":{"line":167,"column":16},"end":{"line":168,"column":5}}},"10":{"name":"setGelatoCore","line":173,"loc":{"start":{"line":173,"column":65},"end":{"line":173,"column":3}}},"11":{"name":"isGelatoCoreWhitelisted","line":178,"loc":{"start":{"line":178,"column":4},"end":{"line":182,"column":5}}}},"statementMap":{"1":{"start":{"line":29,"column":8},"end":{"line":29,"column":41}},"2":{"start":{"line":30,"column":8},"end":{"line":30,"column":31}},"3":{"start":{"line":42,"column":8},"end":{"line":42,"column":41}},"4":{"start":{"line":43,"column":8},"end":{"line":43,"column":24}},"5":{"start":{"line":45,"column":8},"end":{"line":45,"column":1802}},"6":{"start":{"line":46,"column":12},"end":{"line":46,"column":80}},"7":{"start":{"line":47,"column":8},"end":{"line":47,"column":69}},"8":{"start":{"line":48,"column":8},"end":{"line":48,"column":2008}},"9":{"start":{"line":49,"column":12},"end":{"line":49,"column":82}},"10":{"start":{"line":50,"column":8},"end":{"line":50,"column":2143}},"11":{"start":{"line":51,"column":12},"end":{"line":51,"column":86}},"12":{"start":{"line":52,"column":8},"end":{"line":52,"column":19}},"13":{"start":{"line":61,"column":8},"end":{"line":61,"column":2366}},"14":{"start":{"line":62,"column":12},"end":{"line":62,"column":45}},"15":{"start":{"line":64,"column":12},"end":{"line":64,"column":2533}},"16":{"start":{"line":65,"column":16},"end":{"line":65,"column":63}},"17":{"start":{"line":66,"column":17},"end":{"line":66,"column":2661}},"18":{"start":{"line":67,"column":16},"end":{"line":67,"column":55}},"19":{"start":{"line":68,"column":17},"end":{"line":68,"column":86}},"20":{"start":{"line":70,"column":12},"end":{"line":70,"column":2792}},"21":{"start":{"line":77,"column":15},"end":{"line":77,"column":3049}},"22":{"start":{"line":79,"column":12},"end":{"line":79,"column":41}},"23":{"start":{"line":81,"column":12},"end":{"line":81,"column":3223}},"24":{"start":{"line":82,"column":16},"end":{"line":82,"column":3286}},"25":{"start":{"line":89,"column":16},"end":{"line":89,"column":81}},"26":{"start":{"line":92,"column":12},"end":{"line":92,"column":3670}},"27":{"start":{"line":97,"column":12},"end":{"line":97,"column":3821}},"28":{"start":{"line":105,"column":12},"end":{"line":105,"column":81}},"29":{"start":{"line":111,"column":8},"end":{"line":111,"column":4336}},"30":{"start":{"line":112,"column":12},"end":{"line":112,"column":4392}},"31":{"start":{"line":116,"column":12},"end":{"line":116,"column":56}},"32":{"start":{"line":117,"column":12},"end":{"line":117,"column":55}},"33":{"start":{"line":122,"column":8},"end":{"line":122,"column":4790}},"34":{"start":{"line":123,"column":12},"end":{"line":123,"column":4846}},"35":{"start":{"line":128,"column":12},"end":{"line":128,"column":57}},"36":{"start":{"line":133,"column":8},"end":{"line":133,"column":5245}},"37":{"start":{"line":134,"column":12},"end":{"line":134,"column":5307}},"38":{"start":{"line":138,"column":12},"end":{"line":138,"column":56}},"39":{"start":{"line":139,"column":12},"end":{"line":139,"column":55}},"40":{"start":{"line":144,"column":8},"end":{"line":144,"column":5697}},"41":{"start":{"line":145,"column":12},"end":{"line":145,"column":5759}},"42":{"start":{"line":150,"column":12},"end":{"line":150,"column":57}},"43":{"start":{"line":160,"column":8},"end":{"line":160,"column":41}},"44":{"start":{"line":161,"column":8},"end":{"line":161,"column":41}},"45":{"start":{"line":169,"column":8},"end":{"line":169,"column":43}},"46":{"start":{"line":170,"column":8},"end":{"line":170,"column":43}},"47":{"start":{"line":174,"column":8},"end":{"line":174,"column":90}},"48":{"start":{"line":175,"column":8},"end":{"line":175,"column":31}},"49":{"start":{"line":183,"column":8},"end":{"line":183,"column":82}},"50":{"start":{"line":184,"column":8},"end":{"line":184,"column":7025}},"51":{"start":{"line":185,"column":12},"end":{"line":185,"column":64}},"52":{"start":{"line":185,"column":53},"end":{"line":185,"column":64}},"53":{"start":{"line":186,"column":8},"end":{"line":186,"column":20}}},"branchMap":{"1":{"line":45,"type":"if","locations":[{"start":{"line":45,"column":8},"end":{"line":45,"column":8}},{"start":{"line":45,"column":8},"end":{"line":45,"column":8}}]},"2":{"line":48,"type":"if","locations":[{"start":{"line":48,"column":8},"end":{"line":48,"column":8}},{"start":{"line":48,"column":8},"end":{"line":48,"column":8}}]},"3":{"line":50,"type":"if","locations":[{"start":{"line":50,"column":8},"end":{"line":50,"column":8}},{"start":{"line":50,"column":8},"end":{"line":50,"column":8}}]},"4":{"line":61,"type":"if","locations":[{"start":{"line":61,"column":8},"end":{"line":61,"column":8}},{"start":{"line":61,"column":8},"end":{"line":61,"column":8}}]},"5":{"line":64,"type":"if","locations":[{"start":{"line":64,"column":12},"end":{"line":64,"column":12}},{"start":{"line":64,"column":12},"end":{"line":64,"column":12}}]},"6":{"line":66,"type":"if","locations":[{"start":{"line":66,"column":17},"end":{"line":66,"column":17}},{"start":{"line":66,"column":17},"end":{"line":66,"column":17}}]},"7":{"line":77,"type":"if","locations":[{"start":{"line":77,"column":15},"end":{"line":77,"column":15}},{"start":{"line":77,"column":15},"end":{"line":77,"column":15}}]},"8":{"line":112,"type":"if","locations":[{"start":{"line":112,"column":12},"end":{"line":112,"column":12}},{"start":{"line":112,"column":12},"end":{"line":112,"column":12}}]},"9":{"line":123,"type":"if","locations":[{"start":{"line":123,"column":12},"end":{"line":123,"column":12}},{"start":{"line":123,"column":12},"end":{"line":123,"column":12}}]},"10":{"line":134,"type":"if","locations":[{"start":{"line":134,"column":12},"end":{"line":134,"column":12}},{"start":{"line":134,"column":12},"end":{"line":134,"column":12}}]},"11":{"line":145,"type":"if","locations":[{"start":{"line":145,"column":12},"end":{"line":145,"column":12}},{"start":{"line":145,"column":12},"end":{"line":145,"column":12}}]},"12":{"line":174,"type":"if","locations":[{"start":{"line":174,"column":8},"end":{"line":174,"column":8}},{"start":{"line":174,"column":8},"end":{"line":174,"column":8}}]},"13":{"line":185,"type":"if","locations":[{"start":{"line":185,"column":12},"end":{"line":185,"column":12}},{"start":{"line":185,"column":12},"end":{"line":185,"column":12}}]}}},
"contracts/gelato_core/GelatoCore.sol":{"l":{"33":0,"34":0,"37":0,"40":0,"41":0,"47":0,"48":0,"55":0,"56":0,"57":0,"64":0,"65":0,"68":0,"71":0,"74":0,"76":0,"85":0,"91":0,"94":0,"98":0,"108":0,"109":0,"110":0,"113":0,"115":0,"116":0,"118":0,"121":0,"122":0,"135":0,"137":0,"139":0,"151":0,"155":0,"157":0,"167":0,"169":0,"172":0,"173":0,"176":0,"178":0,"179":0,"181":0,"192":0,"194":0,"195":0,"202":0,"203":0,"207":0,"208":0,"212":0,"216":0,"217":0,"224":0,"230":0,"234":0,"235":0,"242":0,"252":0,"255":0,"256":0,"259":0,"260":0,"263":0,"271":0,"274":0,"276":0,"277":0,"290":0,"291":0,"297":0,"298":0,"300":0,"305":0,"307":0,"309":0,"310":0,"311":0,"312":0,"313":0,"314":0,"318":0,"321":0,"338":0,"341":0,"343":0,"344":0,"345":0,"347":0,"351":0,"352":0,"355":0,"356":0,"360":0,"367":0,"368":0,"370":0,"371":0,"375":0,"376":0,"380":0,"386":0,"390":0,"391":0,"396":0,"400":0,"408":0,"412":0,"413":0,"419":0,"422":0,"423":0,"425":0,"434":0},"path":"/Users/luis/Desktop/gelato-gnosis-safe/contracts/gelato_core/GelatoCore.sol","s":{"1":0,"2":0,"3":0,"4":0,"5":0,"6":0,"7":0,"8":0,"9":0,"10":0,"11":0,"12":0,"13":0,"14":0,"15":0,"16":0,"17":0,"18":0,"19":0,"20":0,"21":0,"22":0,"23":0,"24":0,"25":0,"26":0,"27":0,"28":0,"29":0,"30":0,"31":0,"32":0,"33":0,"34":0,"35":0,"36":0,"37":0,"38":0,"39":0,"40":0,"41":0,"42":0,"43":0,"44":0,"45":0,"46":0,"47":0,"48":0,"49":0,"50":0,"51":0,"52":0,"53":0,"54":0,"55":0,"56":0,"57":0,"58":0,"59":0,"60":0,"61":0,"62":0,"63":0,"64":0,"65":0,"66":0,"67":0,"68":0,"69":0,"70":0,"71":0,"72":0,"73":0,"74":0,"75":0,"76":0,"77":0,"78":0,"79":0,"80":0,"81":0,"82":0,"83":0,"84":0,"85":0,"86":0,"87":0,"88":0,"89":0,"90":0,"91":0,"92":0,"93":0,"94":0,"95":0,"96":0,"97":0,"98":0,"99":0,"100":0,"101":0,"102":0,"103":0,"104":0,"105":0,"106":0,"107":0,"108":0,"109":0,"110":0,"111":0,"112":0,"113":0,"114":0,"115":0,"116":0,"117":0,"118":0,"119":0,"120":0},"b":{"1":[0,0],"2":[0,0],"3":[0,0],"4":[0,0],"5":[0,0],"6":[0,0],"7":[0,0],"8":[0,0],"9":[0,0],"10":[0,0],"11":[0,0],"12":[0,0],"13":[0,0],"14":[0,0],"15":[0,0],"16":[0,0],"17":[0,0],"18":[0,0],"19":[0,0],"20":[0,0],"21":[0,0],"22":[0,0],"23":[0,0],"24":[0,0],"25":[0,0],"26":[0,0],"27":[0,0],"28":[0,0],"29":[0,0],"30":[0,0],"31":[0,0],"32":[0,0],"33":[0,0],"34":[0,0],"35":[0,0],"36":[0,0],"37":[0,0],"38":[0,0],"39":[0,0],"40":[0,0],"41":[0,0],"42":[0,0],"43":[0,0],"44":[0,0],"45":[0,0]},"f":{"1":0,"2":0,"3":0,"4":0,"5":0,"6":0,"7":0,"8":0,"9":0,"10":0,"11":0},"fnMap":{"1":{"name":"mintExecClaim","line":31,"loc":{"start":{"line":31,"column":4},"end":{"line":31,"column":59}}},"2":{"name":"mintSelfProvidedExecClaim","line":79,"loc":{"start":{"line":79,"column":4},"end":{"line":83,"column":5}}},"3":{"name":"canExec","line":102,"loc":{"start":{"line":102,"column":4},"end":{"line":107,"column":5}}},"4":{"name":"exec","line":165,"loc":{"start":{"line":165,"column":4},"end":{"line":165,"column":53}}},"5":{"name":"executionWrapper","line":248,"loc":{"start":{"line":248,"column":4},"end":{"line":251,"column":5}}},"6":{"name":"_exec","line":266,"loc":{"start":{"line":266,"column":4},"end":{"line":269,"column":5}}},"7":{"name":"_processProviderPayables","line":327,"loc":{"start":{"line":327,"column":4},"end":{"line":336,"column":5}}},"8":{"name":"cancelExecClaim","line":365,"loc":{"start":{"line":365,"column":4},"end":{"line":365,"column":64}}},"9":{"name":"batchCancelExecClaim","line":379,"loc":{"start":{"line":379,"column":4},"end":{"line":379,"column":79}}},"10":{"name":"collectExecClaimRent","line":384,"loc":{"start":{"line":384,"column":4},"end":{"line":384,"column":69}}},"11":{"name":"batchCollectExecClaimRent","line":433,"loc":{"start":{"line":433,"column":4},"end":{"line":433,"column":84}}}},"statementMap":{"1":{"start":{"line":33,"column":8},"end":{"line":33,"column":34}},"2":{"start":{"line":34,"column":8},"end":{"line":34,"column":29}},"3":{"start":{"line":37,"column":8},"end":{"line":37,"column":39}},"4":{"start":{"line":40,"column":8},"end":{"line":40,"column":66}},"5":{"start":{"line":41,"column":8},"end":{"line":41,"column":1767}},"6":{"start":{"line":47,"column":8},"end":{"line":47,"column":1946}},"7":{"start":{"line":48,"column":12},"end":{"line":48,"column":1991}},"8":{"start":{"line":55,"column":8},"end":{"line":55,"column":2186}},"9":{"start":{"line":56,"column":12},"end":{"line":56,"column":69}},"10":{"start":{"line":57,"column":12},"end":{"line":57,"column":2314}},"11":{"start":{"line":65,"column":8},"end":{"line":65,"column":40}},"12":{"start":{"line":68,"column":8},"end":{"line":68,"column":66}},"13":{"start":{"line":71,"column":8},"end":{"line":71,"column":52}},"14":{"start":{"line":74,"column":8},"end":{"line":74,"column":55}},"15":{"start":{"line":76,"column":8},"end":{"line":76,"column":83}},"16":{"start":{"line":85,"column":8},"end":{"line":85,"column":3193}},"17":{"start":{"line":91,"column":8},"end":{"line":91,"column":51}},"18":{"start":{"line":91,"column":27},"end":{"line":91,"column":50}},"19":{"start":{"line":94,"column":8},"end":{"line":94,"column":3498}},"20":{"start":{"line":95,"column":12},"end":{"line":95,"column":45}},"21":{"start":{"line":98,"column":8},"end":{"line":98,"column":27}},"22":{"start":{"line":108,"column":8},"end":{"line":108,"column":3902}},"23":{"start":{"line":109,"column":12},"end":{"line":109,"column":69}},"24":{"start":{"line":110,"column":12},"end":{"line":110,"column":47}},"25":{"start":{"line":110,"column":37},"end":{"line":110,"column":47}},"26":{"start":{"line":113,"column":8},"end":{"line":113,"column":87}},"27":{"start":{"line":113,"column":58},"end":{"line":113,"column":87}},"28":{"start":{"line":115,"column":8},"end":{"line":115,"column":60}},"29":{"start":{"line":116,"column":8},"end":{"line":116,"column":83}},"30":{"start":{"line":116,"column":54},"end":{"line":116,"column":83}},"31":{"start":{"line":118,"column":8},"end":{"line":118,"column":83}},"32":{"start":{"line":118,"column":67},"end":{"line":118,"column":83}},"33":{"start":{"line":121,"column":8},"end":{"line":121,"column":4456}},"34":{"start":{"line":135,"column":8},"end":{"line":135,"column":5041}},"35":{"start":{"line":137,"column":12},"end":{"line":137,"column":59}},"36":{"start":{"line":151,"column":8},"end":{"line":151,"column":5768}},"37":{"start":{"line":155,"column":12},"end":{"line":155,"column":36}},"38":{"start":{"line":157,"column":8},"end":{"line":157,"column":19}},"39":{"start":{"line":167,"column":8},"end":{"line":167,"column":36}},"40":{"start":{"line":169,"column":8},"end":{"line":169,"column":91}},"41":{"start":{"line":172,"column":8},"end":{"line":172,"column":50}},"42":{"start":{"line":173,"column":8},"end":{"line":173,"column":44}},"43":{"start":{"line":176,"column":8},"end":{"line":176,"column":78}},"44":{"start":{"line":178,"column":8},"end":{"line":178,"column":39}},"45":{"start":{"line":179,"column":8},"end":{"line":179,"column":28}},"46":{"start":{"line":192,"column":8},"end":{"line":192,"column":7332}},"47":{"start":{"line":195,"column":12},"end":{"line":195,"column":7506}},"48":{"start":{"line":202,"column":12},"end":{"line":202,"column":91}},"49":{"start":{"line":203,"column":12},"end":{"line":203,"column":18}},"50":{"start":{"line":205,"column":15},"end":{"line":205,"column":7895}},"51":{"start":{"line":207,"column":12},"end":{"line":207,"column":61}},"52":{"start":{"line":208,"column":12},"end":{"line":208,"column":18}},"53":{"start":{"line":210,"column":15},"end":{"line":210,"column":8123}},"54":{"start":{"line":212,"column":12},"end":{"line":212,"column":8280}},"55":{"start":{"line":212,"column":42},"end":{"line":212,"column":91}},"56":{"start":{"line":217,"column":16},"end":{"line":217,"column":8562}},"57":{"start":{"line":224,"column":16},"end":{"line":224,"column":78}},"58":{"start":{"line":230,"column":12},"end":{"line":230,"column":9100}},"59":{"start":{"line":230,"column":42},"end":{"line":230,"column":88}},"60":{"start":{"line":235,"column":16},"end":{"line":235,"column":9387}},"61":{"start":{"line":242,"column":16},"end":{"line":242,"column":75}},"62":{"start":{"line":252,"column":8},"end":{"line":252,"column":89}},"63":{"start":{"line":255,"column":8},"end":{"line":255,"column":70}},"64":{"start":{"line":256,"column":8},"end":{"line":256,"column":90}},"65":{"start":{"line":256,"column":40},"end":{"line":256,"column":90}},"66":{"start":{"line":259,"column":8},"end":{"line":259,"column":62}},"67":{"start":{"line":260,"column":8},"end":{"line":260,"column":64}},"68":{"start":{"line":260,"column":22},"end":{"line":260,"column":64}},"69":{"start":{"line":263,"column":8},"end":{"line":263,"column":48}},"70":{"start":{"line":271,"column":8},"end":{"line":271,"column":30}},"71":{"start":{"line":274,"column":8},"end":{"line":274,"column":10739}},"72":{"start":{"line":276,"column":12},"end":{"line":276,"column":36}},"73":{"start":{"line":290,"column":12},"end":{"line":290,"column":11461}},"74":{"start":{"line":291,"column":16},"end":{"line":291,"column":69}},"75":{"start":{"line":293,"column":17},"end":{"line":293,"column":63}},"76":{"start":{"line":297,"column":12},"end":{"line":297,"column":11771}},"77":{"start":{"line":298,"column":16},"end":{"line":298,"column":68}},"78":{"start":{"line":299,"column":17},"end":{"line":299,"column":11893}},"79":{"start":{"line":300,"column":16},"end":{"line":300,"column":82}},"80":{"start":{"line":301,"column":17},"end":{"line":301,"column":63}},"81":{"start":{"line":305,"column":8},"end":{"line":305,"column":12069}},"82":{"start":{"line":307,"column":12},"end":{"line":307,"column":12172}},"83":{"start":{"line":309,"column":16},"end":{"line":309,"column":12287}},"84":{"start":{"line":310,"column":20},"end":{"line":310,"column":35}},"85":{"start":{"line":312,"column":20},"end":{"line":312,"column":12455}},"86":{"start":{"line":314,"column":24},"end":{"line":314,"column":12622}},"87":{"start":{"line":318,"column":24},"end":{"line":318,"column":65}},"88":{"start":{"line":321,"column":20},"end":{"line":321,"column":66}},"89":{"start":{"line":338,"column":8},"end":{"line":338,"column":85}},"90":{"start":{"line":341,"column":8},"end":{"line":341,"column":76}},"91":{"start":{"line":343,"column":8},"end":{"line":343,"column":13604}},"92":{"start":{"line":344,"column":12},"end":{"line":344,"column":85}},"93":{"start":{"line":345,"column":12},"end":{"line":345,"column":85}},"94":{"start":{"line":347,"column":12},"end":{"line":347,"column":13918}},"95":{"start":{"line":351,"column":12},"end":{"line":351,"column":60}},"96":{"start":{"line":352,"column":12},"end":{"line":352,"column":48}},"97":{"start":{"line":355,"column":12},"end":{"line":355,"column":69}},"98":{"start":{"line":356,"column":12},"end":{"line":356,"column":14421}},"99":{"start":{"line":360,"column":12},"end":{"line":360,"column":60}},"100":{"start":{"line":367,"column":8},"end":{"line":367,"column":14940}},"101":{"start":{"line":368,"column":12},"end":{"line":368,"column":84}},"102":{"start":{"line":370,"column":8},"end":{"line":370,"column":60}},"103":{"start":{"line":371,"column":8},"end":{"line":371,"column":15112}},"104":{"start":{"line":376,"column":8},"end":{"line":376,"column":42}},"105":{"start":{"line":380,"column":8},"end":{"line":380,"column":81}},"106":{"start":{"line":380,"column":50},"end":{"line":380,"column":80}},"107":{"start":{"line":386,"column":8},"end":{"line":386,"column":15676}},"108":{"start":{"line":390,"column":8},"end":{"line":390,"column":15853}},"109":{"start":{"line":391,"column":12},"end":{"line":391,"column":15901}},"110":{"start":{"line":396,"column":8},"end":{"line":396,"column":16041}},"111":{"start":{"line":400,"column":8},"end":{"line":400,"column":16207}},"112":{"start":{"line":408,"column":8},"end":{"line":408,"column":16475}},"113":{"start":{"line":412,"column":8},"end":{"line":412,"column":60}},"114":{"start":{"line":413,"column":8},"end":{"line":413,"column":16706}},"115":{"start":{"line":419,"column":8},"end":{"line":419,"column":49}},"116":{"start":{"line":422,"column":8},"end":{"line":422,"column":61}},"117":{"start":{"line":423,"column":8},"end":{"line":423,"column":49}},"118":{"start":{"line":425,"column":8},"end":{"line":425,"column":17112}},"119":{"start":{"line":434,"column":8},"end":{"line":434,"column":86}},"120":{"start":{"line":434,"column":50},"end":{"line":434,"column":85}}},"branchMap":{"1":{"line":41,"type":"if","locations":[{"start":{"line":41,"column":8},"end":{"line":41,"column":8}},{"start":{"line":41,"column":8},"end":{"line":41,"column":8}}]},"2":{"line":47,"type":"if","locations":[{"start":{"line":47,"column":8},"end":{"line":47,"column":8}},{"start":{"line":47,"column":8},"end":{"line":47,"column":8}}]},"3":{"line":48,"type":"if","locations":[{"start":{"line":48,"column":12},"end":{"line":48,"column":12}},{"start":{"line":48,"column":12},"end":{"line":48,"column":12}}]},"4":{"line":55,"type":"if","locations":[{"start":{"line":55,"column":8},"end":{"line":55,"column":8}},{"start":{"line":55,"column":8},"end":{"line":55,"column":8}}]},"5":{"line":57,"type":"if","locations":[{"start":{"line":57,"column":12},"end":{"line":57,"column":12}},{"start":{"line":57,"column":12},"end":{"line":57,"column":12}}]},"6":{"line":85,"type":"if","locations":[{"start":{"line":85,"column":8},"end":{"line":85,"column":8}},{"start":{"line":85,"column":8},"end":{"line":85,"column":8}}]},"7":{"line":91,"type":"if","locations":[{"start":{"line":91,"column":8},"end":{"line":91,"column":8}},{"start":{"line":91,"column":8},"end":{"line":91,"column":8}}]},"8":{"line":94,"type":"if","locations":[{"start":{"line":94,"column":8},"end":{"line":94,"column":8}},{"start":{"line":94,"column":8},"end":{"line":94,"column":8}}]},"9":{"line":108,"type":"if","locations":[{"start":{"line":108,"column":8},"end":{"line":108,"column":8}},{"start":{"line":108,"column":8},"end":{"line":108,"column":8}}]},"10":{"line":110,"type":"if","locations":[{"start":{"line":110,"column":12},"end":{"line":110,"column":12}},{"start":{"line":110,"column":12},"end":{"line":110,"column":12}}]},"11":{"line":113,"type":"if","locations":[{"start":{"line":113,"column":8},"end":{"line":113,"column":8}},{"start":{"line":113,"column":8},"end":{"line":113,"column":8}}]},"12":{"line":116,"type":"if","locations":[{"start":{"line":116,"column":8},"end":{"line":116,"column":8}},{"start":{"line":116,"column":8},"end":{"line":116,"column":8}}]},"13":{"line":118,"type":"if","locations":[{"start":{"line":118,"column":8},"end":{"line":118,"column":8}},{"start":{"line":118,"column":8},"end":{"line":118,"column":8}}]},"14":{"line":121,"type":"if","locations":[{"start":{"line":121,"column":8},"end":{"line":121,"column":8}},{"start":{"line":121,"column":8},"end":{"line":121,"column":8}}]},"15":{"line":137,"type":"if","locations":[{"start":{"line":137,"column":12},"end":{"line":137,"column":12}},{"start":{"line":137,"column":12},"end":{"line":137,"column":12}}]},"16":{"line":151,"type":"if","locations":[{"start":{"line":151,"column":8},"end":{"line":151,"column":8}},{"start":{"line":151,"column":8},"end":{"line":151,"column":8}}]},"17":{"line":169,"type":"if","locations":[{"start":{"line":169,"column":8},"end":{"line":169,"column":8}},{"start":{"line":169,"column":8},"end":{"line":169,"column":8}}]},"18":{"line":176,"type":"if","locations":[{"start":{"line":176,"column":8},"end":{"line":176,"column":8}},{"start":{"line":176,"column":8},"end":{"line":176,"column":8}}]},"19":{"line":192,"type":"if","locations":[{"start":{"line":192,"column":8},"end":{"line":192,"column":8}},{"start":{"line":192,"column":8},"end":{"line":192,"column":8}}]},"20":{"line":205,"type":"if","locations":[{"start":{"line":205,"column":15},"end":{"line":205,"column":15}},{"start":{"line":205,"column":15},"end":{"line":205,"column":15}}]},"21":{"line":210,"type":"if","locations":[{"start":{"line":210,"column":15},"end":{"line":210,"column":15}},{"start":{"line":210,"column":15},"end":{"line":210,"column":15}}]},"22":{"line":212,"type":"if","locations":[{"start":{"line":212,"column":12},"end":{"line":212,"column":12}},{"start":{"line":212,"column":12},"end":{"line":212,"column":12}}]},"23":{"line":230,"type":"if","locations":[{"start":{"line":230,"column":12},"end":{"line":230,"column":12}},{"start":{"line":230,"column":12},"end":{"line":230,"column":12}}]},"24":{"line":252,"type":"if","locations":[{"start":{"line":252,"column":8},"end":{"line":252,"column":8}},{"start":{"line":252,"column":8},"end":{"line":252,"column":8}}]},"25":{"line":256,"type":"if","locations":[{"start":{"line":256,"column":8},"end":{"line":256,"column":8}},{"start":{"line":256,"column":8},"end":{"line":256,"column":8}}]},"26":{"line":260,"type":"if","locations":[{"start":{"line":260,"column":8},"end":{"line":260,"column":8}},{"start":{"line":260,"column":8},"end":{"line":260,"column":8}}]},"27":{"line":274,"type":"if","locations":[{"start":{"line":274,"column":8},"end":{"line":274,"column":8}},{"start":{"line":274,"column":8},"end":{"line":274,"column":8}}]},"28":{"line":290,"type":"if","locations":[{"start":{"line":290,"column":12},"end":{"line":290,"column":12}},{"start":{"line":290,"column":12},"end":{"line":290,"column":12}}]},"29":{"line":297,"type":"if","locations":[{"start":{"line":297,"column":12},"end":{"line":297,"column":12}},{"start":{"line":297,"column":12},"end":{"line":297,"column":12}}]},"30":{"line":299,"type":"if","locations":[{"start":{"line":299,"column":17},"end":{"line":299,"column":17}},{"start":{"line":299,"column":17},"end":{"line":299,"column":17}}]},"31":{"line":305,"type":"if","locations":[{"start":{"line":305,"column":8},"end":{"line":305,"column":8}},{"start":{"line":305,"column":8},"end":{"line":305,"column":8}}]},"32":{"line":307,"type":"if","locations":[{"start":{"line":307,"column":12},"end":{"line":307,"column":12}},{"start":{"line":307,"column":12},"end":{"line":307,"column":12}}]},"33":{"line":309,"type":"if","locations":[{"start":{"line":309,"column":16},"end":{"line":309,"column":16}},{"start":{"line":309,"column":16},"end":{"line":309,"column":16}}]},"34":{"line":312,"type":"if","locations":[{"start":{"line":312,"column":20},"end":{"line":312,"column":20}},{"start":{"line":312,"column":20},"end":{"line":312,"column":20}}]},"35":{"line":343,"type":"if","locations":[{"start":{"line":343,"column":8},"end":{"line":343,"column":8}},{"start":{"line":343,"column":8},"end":{"line":343,"column":8}}]},"36":{"line":367,"type":"if","locations":[{"start":{"line":367,"column":8},"end":{"line":367,"column":8}},{"start":{"line":367,"column":8},"end":{"line":367,"column":8}}]},"37":{"line":368,"type":"if","locations":[{"start":{"line":368,"column":12},"end":{"line":368,"column":12}},{"start":{"line":368,"column":12},"end":{"line":368,"column":12}}]},"38":{"line":371,"type":"if","locations":[{"start":{"line":371,"column":8},"end":{"line":371,"column":8}},{"start":{"line":371,"column":8},"end":{"line":371,"column":8}}]},"39":{"line":386,"type":"if","locations":[{"start":{"line":386,"column":8},"end":{"line":386,"column":8}},{"start":{"line":386,"column":8},"end":{"line":386,"column":8}}]},"40":{"line":390,"type":"if","locations":[{"start":{"line":390,"column":8},"end":{"line":390,"column":8}},{"start":{"line":390,"column":8},"end":{"line":390,"column":8}}]},"41":{"line":391,"type":"if","locations":[{"start":{"line":391,"column":12},"end":{"line":391,"column":12}},{"start":{"line":391,"column":12},"end":{"line":391,"column":12}}]},"42":{"line":396,"type":"if","locations":[{"start":{"line":396,"column":8},"end":{"line":396,"column":8}},{"start":{"line":396,"column":8},"end":{"line":396,"column":8}}]},"43":{"line":400,"type":"if","locations":[{"start":{"line":400,"column":8},"end":{"line":400,"column":8}},{"start":{"line":400,"column":8},"end":{"line":400,"column":8}}]},"44":{"line":408,"type":"if","locations":[{"start":{"line":408,"column":8},"end":{"line":408,"column":8}},{"start":{"line":408,"column":8},"end":{"line":408,"column":8}}]},"45":{"line":413,"type":"if","locations":[{"start":{"line":413,"column":8},"end":{"line":413,"column":8}},{"start":{"line":413,"column":8},"end":{"line":413,"column":8}}]}}},
"contracts/gelato_core/GelatoExecutors.sol":{"l":{"17":45,"21":45,"25":45,"26":45,"30":0,"34":0,"38":0,"39":0,"40":0,"41":0,"47":0,"48":0,"49":0,"57":0,"58":0,"67":0,"69":0,"71":0,"73":0,"75":0,"78":0,"81":0,"82":0},"path":"/Users/luis/Desktop/gelato-gnosis-safe/contracts/gelato_core/GelatoExecutors.sol","s":{"1":45,"2":45,"3":45,"4":45,"5":0,"6":0,"7":0,"8":0,"9":0,"10":0,"11":0,"12":0,"13":0,"14":0,"15":0,"16":0,"17":0,"18":0,"19":0,"20":0,"21":0,"22":0},"b":{"1":[45,0],"2":[45,0],"3":[0,0],"4":[0,0],"5":[0,0],"6":[0,0]},"f":{"1":45,"2":0,"3":0,"4":0,"5":0},"fnMap":{"1":{"name":"stakeExecutor","line":16,"loc":{"start":{"line":16,"column":4},"end":{"line":16,"column":52}}},"2":{"name":"unstakeExecutor","line":29,"loc":{"start":{"line":29,"column":4},"end":{"line":29,"column":46}}},"3":{"name":"increaseExecutorStake","line":46,"loc":{"start":{"line":46,"column":4},"end":{"line":46,"column":80}}},"4":{"name":"batchReassignProviders","line":53,"loc":{"start":{"line":53,"column":4},"end":{"line":56,"column":5}}},"5":{"name":"withdrawExcessExecutorStake","line":62,"loc":{"start":{"line":62,"column":4},"end":{"line":66,"column":5}}}},"statementMap":{"1":{"start":{"line":17,"column":8},"end":{"line":17,"column":628}},"2":{"start":{"line":21,"column":8},"end":{"line":21,"column":764}},"3":{"start":{"line":25,"column":8},"end":{"line":25,"column":44}},"4":{"start":{"line":26,"column":8},"end":{"line":26,"column":52}},"5":{"start":{"line":30,"column":8},"end":{"line":30,"column":1056}},"6":{"start":{"line":34,"column":8},"end":{"line":34,"column":1205}},"7":{"start":{"line":38,"column":8},"end":{"line":38,"column":57}},"8":{"start":{"line":40,"column":8},"end":{"line":40,"column":42}},"9":{"start":{"line":41,"column":8},"end":{"line":41,"column":43}},"10":{"start":{"line":47,"column":8},"end":{"line":47,"column":78}},"11":{"start":{"line":48,"column":8},"end":{"line":48,"column":88}},"12":{"start":{"line":49,"column":8},"end":{"line":49,"column":76}},"13":{"start":{"line":57,"column":8},"end":{"line":57,"column":2419}},"14":{"start":{"line":58,"column":12},"end":{"line":58,"column":68}},"15":{"start":{"line":67,"column":8},"end":{"line":67,"column":88}},"16":{"start":{"line":69,"column":8},"end":{"line":69,"column":64}},"17":{"start":{"line":71,"column":8},"end":{"line":71,"column":77}},"18":{"start":{"line":73,"column":8},"end":{"line":73,"column":74}},"19":{"start":{"line":75,"column":8},"end":{"line":75,"column":76}},"20":{"start":{"line":78,"column":8},"end":{"line":78,"column":51}},"21":{"start":{"line":81,"column":8},"end":{"line":81,"column":47}},"22":{"start":{"line":82,"column":8},"end":{"line":82,"column":71}}},"branchMap":{"1":{"line":17,"type":"if","locations":[{"start":{"line":17,"column":8},"end":{"line":17,"column":8}},{"start":{"line":17,"column":8},"end":{"line":17,"column":8}}]},"2":{"line":21,"type":"if","locations":[{"start":{"line":21,"column":8},"end":{"line":21,"column":8}},{"start":{"line":21,"column":8},"end":{"line":21,"column":8}}]},"3":{"line":30,"type":"if","locations":[{"start":{"line":30,"column":8},"end":{"line":30,"column":8}},{"start":{"line":30,"column":8},"end":{"line":30,"column":8}}]},"4":{"line":34,"type":"if","locations":[{"start":{"line":34,"column":8},"end":{"line":34,"column":8}},{"start":{"line":34,"column":8},"end":{"line":34,"column":8}}]},"5":{"line":48,"type":"if","locations":[{"start":{"line":48,"column":8},"end":{"line":48,"column":8}},{"start":{"line":48,"column":8},"end":{"line":48,"column":8}}]},"6":{"line":67,"type":"if","locations":[{"start":{"line":67,"column":8},"end":{"line":67,"column":8}},{"start":{"line":67,"column":8},"end":{"line":67,"column":8}}]}}},
"contracts/gelato_core/GelatoGasPriceOracle.sol":{"l":{"15":0,"16":0,"17":0,"21":0,"22":0,"26":0,"27":0,"31":0,"32":0,"36":0,"37":0,"41":0,"42":0,"43":0,"47":0},"path":"/Users/luis/Desktop/gelato-gnosis-safe/contracts/gelato_core/GelatoGasPriceOracle.sol","s":{"1":0,"2":0,"3":0,"4":0,"5":0,"6":0,"7":0,"8":0,"9":0,"10":0,"11":0,"12":0,"13":0},"b":{"1":[0,0],"2":[0,0],"3":[0,0]},"f":{"1":0,"2":0,"3":0,"4":0,"5":0,"6":0,"7":0},"fnMap":{"1":{"name":"constructor","line":14,"loc":{"start":{"line":14,"column":4},"end":{"line":14,"column":60}}},"2":{"name":"onlyOracleAdmin","line":20,"loc":{"start":{"line":20,"column":4},"end":{"line":20,"column":26}}},"3":{"name":"onlyGelatoCore","line":25,"loc":{"start":{"line":25,"column":4},"end":{"line":25,"column":25}}},"4":{"name":"setOracleAdmin","line":30,"loc":{"start":{"line":30,"column":77},"end":{"line":30,"column":3}}},"5":{"name":"setGelatoCore","line":35,"loc":{"start":{"line":35,"column":75},"end":{"line":35,"column":4}}},"6":{"name":"setGasPrice","line":40,"loc":{"start":{"line":40,"column":77},"end":{"line":40,"column":3}}},"7":{"name":"getGasPrice","line":46,"loc":{"start":{"line":46,"column":63},"end":{"line":46,"column":20}}}},"statementMap":{"1":{"start":{"line":15,"column":8},"end":{"line":15,"column":33}},"2":{"start":{"line":16,"column":8},"end":{"line":16,"column":33}},"3":{"start":{"line":17,"column":8},"end":{"line":17,"column":29}},"4":{"start":{"line":21,"column":8},"end":{"line":21,"column":81}},"5":{"start":{"line":26,"column":8},"end":{"line":26,"column":75}},"6":{"start":{"line":31,"column":8},"end":{"line":31,"column":60}},"7":{"start":{"line":32,"column":8},"end":{"line":32,"column":36}},"8":{"start":{"line":36,"column":8},"end":{"line":36,"column":57}},"9":{"start":{"line":37,"column":8},"end":{"line":37,"column":34}},"10":{"start":{"line":41,"column":8},"end":{"line":41,"column":60}},"11":{"start":{"line":42,"column":8},"end":{"line":42,"column":51}},"12":{"start":{"line":43,"column":8},"end":{"line":43,"column":30}},"13":{"start":{"line":47,"column":8},"end":{"line":47,"column":23}}},"branchMap":{"1":{"line":21,"type":"if","locations":[{"start":{"line":21,"column":8},"end":{"line":21,"column":8}},{"start":{"line":21,"column":8},"end":{"line":21,"column":8}}]},"2":{"line":26,"type":"if","locations":[{"start":{"line":26,"column":8},"end":{"line":26,"column":8}},{"start":{"line":26,"column":8},"end":{"line":26,"column":8}}]},"3":{"line":41,"type":"if","locations":[{"start":{"line":41,"column":8},"end":{"line":41,"column":8}},{"start":{"line":41,"column":8},"end":{"line":41,"column":8}}]}}},
"contracts/gelato_core/GelatoProviders.sol":{"l":{"55":14,"56":14,"57":8,"67":4,"68":4,"70":0,"74":0,"88":6,"89":6,"100":0,"101":0,"102":0,"103":0,"108":55,"109":54,"110":54,"111":54,"119":14,"120":14,"125":12,"126":12,"127":12,"130":12,"133":12,"135":12,"140":39,"143":39,"147":38,"148":35,"153":37,"159":36,"160":36,"161":36,"163":36,"168":7,"171":7,"175":6,"180":5,"184":4,"190":3,"191":3,"192":3,"194":3,"199":20,"200":30,"202":30,"204":30,"205":30,"210":28,"212":28,"222":10,"223":14,"224":14,"228":10,"229":10,"235":0,"236":0,"240":0,"241":0,"246":0,"247":0,"251":0,"252":0,"266":0,"267":0,"268":0,"269":0,"280":0,"281":0,"282":0,"287":50,"292":40,"297":11,"307":65,"308":65,"309":90,"314":90,"316":65,"326":4,"330":0,"339":0},"path":"/Users/luis/Desktop/gelato-gnosis-safe/contracts/gelato_core/GelatoProviders.sol","s":{"1":14,"2":14,"3":6,"4":8,"5":4,"6":4,"7":0,"8":6,"9":6,"10":4,"11":0,"12":0,"13":0,"14":0,"15":55,"16":54,"17":54,"18":54,"19":14,"20":14,"21":12,"22":12,"23":12,"24":12,"25":12,"26":12,"27":39,"28":39,"29":38,"30":35,"31":37,"32":36,"33":36,"34":36,"35":36,"36":7,"37":7,"38":6,"39":5,"40":4,"41":3,"42":3,"43":20,"44":30,"45":0,"46":30,"47":30,"48":30,"49":28,"50":28,"51":10,"52":14,"53":14,"54":10,"55":0,"56":0,"57":0,"58":0,"59":0,"60":0,"61":0,"62":0,"63":0,"64":0,"65":0,"66":0,"67":0,"68":0,"69":0,"70":0,"71":0,"72":0,"73":50,"74":40,"75":11,"76":65,"77":65,"78":90,"79":90,"80":65,"81":4,"82":0,"83":0},"b":{"1":[6,8],"2":[4,0],"3":[4,2],"4":[0,0],"5":[54,1],"6":[12,2],"7":[38,1],"8":[35,3],"9":[34,1],"10":[36,1],"11":[6,30],"12":[33,3],"13":[6,1],"14":[5,1],"15":[4,1],"16":[3,1],"17":[0,30],"18":[28,2],"19":[10,4],"20":[0,0],"21":[0,0],"22":[0,0],"23":[0,0],"24":[0,0]},"f":{"1":14,"2":4,"3":6,"4":0,"5":55,"6":14,"7":39,"8":7,"9":20,"10":10,"11":0,"12":0,"13":0,"14":0,"15":50,"16":40,"17":11,"18":65,"19":4,"20":0,"21":0},"fnMap":{"1":{"name":"isCAMProvided","line":45,"loc":{"start":{"line":45,"column":4},"end":{"line":54,"column":5}}},"2":{"name":"providerModuleChecks","line":61,"loc":{"start":{"line":61,"column":4},"end":{"line":66,"column":5}}},"3":{"name":"isExecClaimProvided","line":82,"loc":{"start":{"line":82,"column":4},"end":{"line":87,"column":5}}},"4":{"name":"providerCanExec","line":93,"loc":{"start":{"line":93,"column":4},"end":{"line":98,"column":5}}},"5":{"name":"provideFunds","line":107,"loc":{"start":{"line":107,"column":4},"end":{"line":107,"column":66}}},"6":{"name":"unprovideFunds","line":114,"loc":{"start":{"line":114,"column":4},"end":{"line":118,"column":5}}},"7":{"name":"providerAssignsExecutor","line":139,"loc":{"start":{"line":139,"column":4},"end":{"line":139,"column":72}}},"8":{"name":"executorAssignsExecutor","line":167,"loc":{"start":{"line":167,"column":4},"end":{"line":167,"column":91}}},"9":{"name":"provideCAMs","line":198,"loc":{"start":{"line":198,"column":4},"end":{"line":198,"column":74}}},"10":{"name":"unprovideCAMs","line":221,"loc":{"start":{"line":221,"column":4},"end":{"line":221,"column":76}}},"11":{"name":"addProviderModules","line":234,"loc":{"start":{"line":234,"column":4},"end":{"line":234,"column":86}}},"12":{"name":"removeProviderModules","line":245,"loc":{"start":{"line":245,"column":4},"end":{"line":245,"column":89}}},"13":{"name":"batchProvide","line":257,"loc":{"start":{"line":257,"column":4},"end":{"line":265,"column":5}}},"14":{"name":"batchUnprovide","line":272,"loc":{"start":{"line":272,"column":4},"end":{"line":279,"column":5}}},"15":{"name":"isProviderMinFunded","line":286,"loc":{"start":{"line":286,"column":4},"end":{"line":286,"column":84}}},"16":{"name":"isExecutorMinStaked","line":291,"loc":{"start":{"line":291,"column":4},"end":{"line":291,"column":84}}},"17":{"name":"isExecutorAssigned","line":296,"loc":{"start":{"line":296,"column":4},"end":{"line":296,"column":83}}},"18":{"name":"camHash","line":301,"loc":{"start":{"line":301,"column":4},"end":{"line":306,"column":5}}},"19":{"name":"isProviderModule","line":320,"loc":{"start":{"line":320,"column":4},"end":{"line":325,"column":5}}},"20":{"name":"numOfProviderModules","line":329,"loc":{"start":{"line":329,"column":4},"end":{"line":329,"column":90}}},"21":{"name":"providerModules","line":333,"loc":{"start":{"line":333,"column":4},"end":{"line":338,"column":5}}}},"statementMap":{"1":{"start":{"line":55,"column":8},"end":{"line":55,"column":55}},"2":{"start":{"line":56,"column":8},"end":{"line":56,"column":84}},"3":{"start":{"line":56,"column":45},"end":{"line":56,"column":84}},"4":{"start":{"line":57,"column":8},"end":{"line":57,"column":19}},"5":{"start":{"line":67,"column":8},"end":{"line":67,"column":2560}},"6":{"start":{"line":68,"column":12},"end":{"line":68,"column":42}},"7":{"start":{"line":70,"column":8},"end":{"line":70,"column":2653}},"8":{"start":{"line":88,"column":8},"end":{"line":88,"column":93}},"9":{"start":{"line":89,"column":8},"end":{"line":89,"column":64}},"10":{"start":{"line":89,"column":32},"end":{"line":89,"column":64}},"11":{"start":{"line":100,"column":8},"end":{"line":100,"column":76}},"12":{"start":{"line":101,"column":8},"end":{"line":101,"column":3730}},"13":{"start":{"line":102,"column":12},"end":{"line":102,"column":42}},"14":{"start":{"line":103,"column":8},"end":{"line":103,"column":40}},"15":{"start":{"line":108,"column":8},"end":{"line":108,"column":73}},"16":{"start":{"line":109,"column":8},"end":{"line":109,"column":74}},"17":{"start":{"line":110,"column":8},"end":{"line":110,"column":68}},"18":{"start":{"line":111,"column":8},"end":{"line":111,"column":50}},"19":{"start":{"line":119,"column":8},"end":{"line":119,"column":64}},"20":{"start":{"line":120,"column":8},"end":{"line":120,"column":4438}},"21":{"start":{"line":125,"column":8},"end":{"line":125,"column":65}},"22":{"start":{"line":126,"column":8},"end":{"line":126,"column":76}},"23":{"start":{"line":127,"column":8},"end":{"line":127,"column":77}},"24":{"start":{"line":130,"column":8},"end":{"line":130,"column":51}},"25":{"start":{"line":133,"column":8},"end":{"line":133,"column":47}},"26":{"start":{"line":135,"column":8},"end":{"line":135,"column":80}},"27":{"start":{"line":140,"column":8},"end":{"line":140,"column":64}},"28":{"start":{"line":143,"column":8},"end":{"line":143,"column":5238}},"29":{"start":{"line":147,"column":8},"end":{"line":147,"column":5384}},"30":{"start":{"line":148,"column":12},"end":{"line":148,"column":5434}},"31":{"start":{"line":153,"column":8},"end":{"line":153,"column":5604}},"32":{"start":{"line":159,"column":8},"end":{"line":159,"column":84}},"33":{"start":{"line":160,"column":8},"end":{"line":160,"column":52}},"34":{"start":{"line":161,"column":8},"end":{"line":161,"column":78}},"35":{"start":{"line":163,"column":8},"end":{"line":163,"column":82}},"36":{"start":{"line":168,"column":8},"end":{"line":168,"column":63}},"37":{"start":{"line":171,"column":8},"end":{"line":171,"column":6367}},"38":{"start":{"line":175,"column":8},"end":{"line":175,"column":6529}},"39":{"start":{"line":180,"column":8},"end":{"line":180,"column":6740}},"40":{"start":{"line":184,"column":8},"end":{"line":184,"column":6892}},"41":{"start":{"line":191,"column":8},"end":{"line":191,"column":51}},"42":{"start":{"line":194,"column":8},"end":{"line":194,"column":81}},"43":{"start":{"line":199,"column":8},"end":{"line":199,"column":7499}},"44":{"start":{"line":200,"column":12},"end":{"line":200,"column":75}},"45":{"start":{"line":200,"column":44},"end":{"line":200,"column":74}},"46":{"start":{"line":202,"column":12},"end":{"line":202,"column":75}},"47":{"start":{"line":204,"column":12},"end":{"line":204,"column":69}},"48":{"start":{"line":205,"column":12},"end":{"line":205,"column":7780}},"49":{"start":{"line":210,"column":12},"end":{"line":210,"column":62}},"50":{"start":{"line":212,"column":12},"end":{"line":212,"column":8003}},"51":{"start":{"line":222,"column":8},"end":{"line":222,"column":8267}},"52":{"start":{"line":223,"column":12},"end":{"line":223,"column":75}},"53":{"start":{"line":224,"column":12},"end":{"line":224,"column":8398}},"54":{"start":{"line":229,"column":12},"end":{"line":229,"column":53}},"55":{"start":{"line":235,"column":8},"end":{"line":235,"column":8769}},"56":{"start":{"line":236,"column":12},"end":{"line":236,"column":8826}},"57":{"start":{"line":240,"column":12},"end":{"line":240,"column":56}},"58":{"start":{"line":241,"column":12},"end":{"line":241,"column":62}},"59":{"start":{"line":246,"column":8},"end":{"line":246,"column":9212}},"60":{"start":{"line":247,"column":12},"end":{"line":247,"column":9269}},"61":{"start":{"line":251,"column":12},"end":{"line":251,"column":59}},"62":{"start":{"line":252,"column":12},"end":{"line":252,"column":65}},"63":{"start":{"line":266,"column":8},"end":{"line":266,"column":52}},"64":{"start":{"line":266,"column":28},"end":{"line":266,"column":51}},"65":{"start":{"line":267,"column":8},"end":{"line":267,"column":71}},"66":{"start":{"line":267,"column":37},"end":{"line":267,"column":70}},"67":{"start":{"line":268,"column":8},"end":{"line":268,"column":25}},"68":{"start":{"line":269,"column":8},"end":{"line":269,"column":35}},"69":{"start":{"line":280,"column":8},"end":{"line":280,"column":65}},"70":{"start":{"line":280,"column":34},"end":{"line":280,"column":64}},"71":{"start":{"line":281,"column":8},"end":{"line":281,"column":27}},"72":{"start":{"line":282,"column":8},"end":{"line":282,"column":38}},"73":{"start":{"line":287,"column":8},"end":{"line":287,"column":59}},"74":{"start":{"line":292,"column":8},"end":{"line":292,"column":59}},"75":{"start":{"line":297,"column":8},"end":{"line":297,"column":53}},"76":{"start":{"line":307,"column":8},"end":{"line":307,"column":81}},"77":{"start":{"line":308,"column":8},"end":{"line":308,"column":11266}},"78":{"start":{"line":309,"column":12},"end":{"line":309,"column":11329}},"79":{"start":{"line":314,"column":12},"end":{"line":314,"column":42}},"80":{"start":{"line":316,"column":8},"end":{"line":316,"column":63}},"81":{"start":{"line":326,"column":8},"end":{"line":326,"column":60}},"82":{"start":{"line":330,"column":8},"end":{"line":330,"column":51}},"83":{"start":{"line":339,"column":8},"end":{"line":339,"column":54}}},"branchMap":{"1":{"line":56,"type":"if","locations":[{"start":{"line":56,"column":8},"end":{"line":56,"column":8}},{"start":{"line":56,"column":8},"end":{"line":56,"column":8}}]},"2":{"line":67,"type":"if","locations":[{"start":{"line":67,"column":8},"end":{"line":67,"column":8}},{"start":{"line":67,"column":8},"end":{"line":67,"column":8}}]},"3":{"line":89,"type":"if","locations":[{"start":{"line":89,"column":8},"end":{"line":89,"column":8}},{"start":{"line":89,"column":8},"end":{"line":89,"column":8}}]},"4":{"line":101,"type":"if","locations":[{"start":{"line":101,"column":8},"end":{"line":101,"column":8}},{"start":{"line":101,"column":8},"end":{"line":101,"column":8}}]},"5":{"line":108,"type":"if","locations":[{"start":{"line":108,"column":8},"end":{"line":108,"column":8}},{"start":{"line":108,"column":8},"end":{"line":108,"column":8}}]},"6":{"line":120,"type":"if","locations":[{"start":{"line":120,"column":8},"end":{"line":120,"column":8}},{"start":{"line":120,"column":8},"end":{"line":120,"column":8}}]},"7":{"line":143,"type":"if","locations":[{"start":{"line":143,"column":8},"end":{"line":143,"column":8}},{"start":{"line":143,"column":8},"end":{"line":143,"column":8}}]},"8":{"line":147,"type":"if","locations":[{"start":{"line":147,"column":8},"end":{"line":147,"column":8}},{"start":{"line":147,"column":8},"end":{"line":147,"column":8}}]},"9":{"line":148,"type":"if","locations":[{"start":{"line":148,"column":12},"end":{"line":148,"column":12}},{"start":{"line":148,"column":12},"end":{"line":148,"column":12}}]},"10":{"line":153,"type":"if","locations":[{"start":{"line":153,"column":8},"end":{"line":153,"column":8}},{"start":{"line":153,"column":8},"end":{"line":153,"column":8}}]},"11":{"line":159,"type":"if","locations":[{"start":{"line":159,"column":8},"end":{"line":159,"column":8}},{"start":{"line":159,"column":8},"end":{"line":159,"column":8}}]},"12":{"line":161,"type":"if","locations":[{"start":{"line":161,"column":8},"end":{"line":161,"column":8}},{"start":{"line":161,"column":8},"end":{"line":161,"column":8}}]},"13":{"line":171,"type":"if","locations":[{"start":{"line":171,"column":8},"end":{"line":171,"column":8}},{"start":{"line":171,"column":8},"end":{"line":171,"column":8}}]},"14":{"line":175,"type":"if","locations":[{"start":{"line":175,"column":8},"end":{"line":175,"column":8}},{"start":{"line":175,"column":8},"end":{"line":175,"column":8}}]},"15":{"line":180,"type":"if","locations":[{"start":{"line":180,"column":8},"end":{"line":180,"column":8}},{"start":{"line":180,"column":8},"end":{"line":180,"column":8}}]},"16":{"line":184,"type":"if","locations":[{"start":{"line":184,"column":8},"end":{"line":184,"column":8}},{"start":{"line":184,"column":8},"end":{"line":184,"column":8}}]},"17":{"line":200,"type":"if","locations":[{"start":{"line":200,"column":12},"end":{"line":200,"column":12}},{"start":{"line":200,"column":12},"end":{"line":200,"column":12}}]},"18":{"line":205,"type":"if","locations":[{"start":{"line":205,"column":12},"end":{"line":205,"column":12}},{"start":{"line":205,"column":12},"end":{"line":205,"column":12}}]},"19":{"line":224,"type":"if","locations":[{"start":{"line":224,"column":12},"end":{"line":224,"column":12}},{"start":{"line":224,"column":12},"end":{"line":224,"column":12}}]},"20":{"line":236,"type":"if","locations":[{"start":{"line":236,"column":12},"end":{"line":236,"column":12}},{"start":{"line":236,"column":12},"end":{"line":236,"column":12}}]},"21":{"line":247,"type":"if","locations":[{"start":{"line":247,"column":12},"end":{"line":247,"column":12}},{"start":{"line":247,"column":12},"end":{"line":247,"column":12}}]},"22":{"line":266,"type":"if","locations":[{"start":{"line":266,"column":8},"end":{"line":266,"column":8}},{"start":{"line":266,"column":8},"end":{"line":266,"column":8}}]},"23":{"line":267,"type":"if","locations":[{"start":{"line":267,"column":8},"end":{"line":267,"column":8}},{"start":{"line":267,"column":8},"end":{"line":267,"column":8}}]},"24":{"line":280,"type":"if","locations":[{"start":{"line":280,"column":8},"end":{"line":280,"column":8}},{"start":{"line":280,"column":8},"end":{"line":280,"column":8}}]}}},
"contracts/gelato_core/GelatoSysAdmin.sol":{"l":{"30":3,"31":3,"32":3,"37":0,"42":3,"43":3,"48":3,"49":3,"54":6,"55":6,"61":3,"62":3,"68":3,"69":3,"75":3,"76":3,"82":3,"83":3,"89":3,"90":3,"100":6,"102":6,"104":6,"107":6,"109":6,"110":6,"120":1,"121":1,"134":1,"135":1},"path":"/Users/luis/Desktop/gelato-gnosis-safe/contracts/gelato_core/GelatoSysAdmin.sol","s":{"1":3,"2":3,"3":3,"4":0,"5":3,"6":3,"7":3,"8":3,"9":6,"10":6,"11":6,"12":3,"13":3,"14":3,"15":3,"16":3,"17":3,"18":3,"19":3,"20":3,"21":3,"22":3,"23":3,"24":3,"25":3,"26":3,"27":6,"28":6,"29":6,"30":6,"31":6,"32":6,"33":1,"34":1,"35":1,"36":1},"b":{"1":[3,0],"2":[0,6],"3":[0,3],"4":[0,3],"5":[0,3],"6":[0,3],"7":[0,3]},"f":{"1":3,"2":0,"3":3,"4":3,"5":6,"6":3,"7":3,"8":3,"9":3,"10":3,"11":6,"12":1,"13":1},"fnMap":{"1":{"name":"setGelatoGasPriceOracle","line":29,"loc":{"start":{"line":29,"column":83},"end":{"line":29,"column":3}}},"2":{"name":"gelatoGasPrice","line":36,"loc":{"start":{"line":36,"column":4},"end":{"line":36,"column":58}}},"3":{"name":"setGelatoMaxGas","line":41,"loc":{"start":{"line":41,"column":75},"end":{"line":41,"column":3}}},"4":{"name":"setInternalGasRequirement","line":47,"loc":{"start":{"line":47,"column":90},"end":{"line":47,"column":3}}},"5":{"name":"setMinProviderFunds","line":53,"loc":{"start":{"line":53,"column":76},"end":{"line":53,"column":3}}},"6":{"name":"setMinExecutorStake","line":60,"loc":{"start":{"line":60,"column":76},"end":{"line":60,"column":3}}},"7":{"name":"setExecClaimTenancy","line":67,"loc":{"start":{"line":67,"column":78},"end":{"line":67,"column":3}}},"8":{"name":"setExecClaimRent","line":74,"loc":{"start":{"line":74,"column":71},"end":{"line":74,"column":3}}},"9":{"name":"setExecutorSuccessShare","line":81,"loc":{"start":{"line":81,"column":84},"end":{"line":81,"column":3}}},"10":{"name":"setSysAdminSuccessShare","line":88,"loc":{"start":{"line":88,"column":84},"end":{"line":88,"column":3}}},"11":{"name":"withdrawSysAdminFunds","line":97,"loc":{"start":{"line":97,"column":16},"end":{"line":99,"column":5}}},"12":{"name":"executorSuccessFee","line":114,"loc":{"start":{"line":114,"column":4},"end":{"line":119,"column":5}}},"13":{"name":"sysAdminSuccessFee","line":128,"loc":{"start":{"line":128,"column":4},"end":{"line":133,"column":5}}}},"statementMap":{"1":{"start":{"line":30,"column":8},"end":{"line":30,"column":85}},"2":{"start":{"line":31,"column":8},"end":{"line":31,"column":82}},"3":{"start":{"line":32,"column":8},"end":{"line":32,"column":63}},"4":{"start":{"line":37,"column":8},"end":{"line":37,"column":49}},"5":{"start":{"line":42,"column":8},"end":{"line":42,"column":57}},"6":{"start":{"line":43,"column":8},"end":{"line":43,"column":32}},"7":{"start":{"line":48,"column":8},"end":{"line":48,"column":82}},"8":{"start":{"line":49,"column":8},"end":{"line":49,"column":47}},"9":{"start":{"line":54,"column":8},"end":{"line":54,"column":62}},"10":{"start":{"line":55,"column":8},"end":{"line":55,"column":2653}},"11":{"start":{"line":56,"column":13},"end":{"line":56,"column":38}},"12":{"start":{"line":61,"column":8},"end":{"line":61,"column":62}},"13":{"start":{"line":62,"column":8},"end":{"line":62,"column":2939}},"14":{"start":{"line":63,"column":13},"end":{"line":63,"column":38}},"15":{"start":{"line":68,"column":8},"end":{"line":68,"column":64}},"16":{"start":{"line":69,"column":8},"end":{"line":69,"column":3214}},"17":{"start":{"line":70,"column":13},"end":{"line":70,"column":40}},"18":{"start":{"line":75,"column":8},"end":{"line":75,"column":54}},"19":{"start":{"line":76,"column":8},"end":{"line":76,"column":3476}},"20":{"start":{"line":77,"column":13},"end":{"line":77,"column":33}},"21":{"start":{"line":82,"column":8},"end":{"line":82,"column":74}},"22":{"start":{"line":83,"column":8},"end":{"line":83,"column":3787}},"23":{"start":{"line":84,"column":13},"end":{"line":84,"column":46}},"24":{"start":{"line":89,"column":8},"end":{"line":89,"column":74}},"25":{"start":{"line":90,"column":8},"end":{"line":90,"column":4104}},"26":{"start":{"line":91,"column":13},"end":{"line":91,"column":46}},"27":{"start":{"line":100,"column":8},"end":{"line":100,"column":46}},"28":{"start":{"line":102,"column":8},"end":{"line":102,"column":61}},"29":{"start":{"line":104,"column":8},"end":{"line":104,"column":70}},"30":{"start":{"line":107,"column":8},"end":{"line":107,"column":39}},"31":{"start":{"line":109,"column":8},"end":{"line":109,"column":47}},"32":{"start":{"line":110,"column":8},"end":{"line":110,"column":71}},"33":{"start":{"line":120,"column":8},"end":{"line":120,"column":49}},"34":{"start":{"line":121,"column":8},"end":{"line":121,"column":4956}},"35":{"start":{"line":134,"column":8},"end":{"line":134,"column":49}},"36":{"start":{"line":135,"column":8},"end":{"line":135,"column":5322}}},"branchMap":{"1":{"line":30,"type":"if","locations":[{"start":{"line":30,"column":8},"end":{"line":30,"column":8}},{"start":{"line":30,"column":8},"end":{"line":30,"column":8}}]},"2":{"line":55,"type":"if","locations":[{"start":{"line":55,"column":8},"end":{"line":55,"column":8}},{"start":{"line":55,"column":8},"end":{"line":55,"column":8}}]},"3":{"line":62,"type":"if","locations":[{"start":{"line":62,"column":8},"end":{"line":62,"column":8}},{"start":{"line":62,"column":8},"end":{"line":62,"column":8}}]},"4":{"line":69,"type":"if","locations":[{"start":{"line":69,"column":8},"end":{"line":69,"column":8}},{"start":{"line":69,"column":8},"end":{"line":69,"column":8}}]},"5":{"line":76,"type":"if","locations":[{"start":{"line":76,"column":8},"end":{"line":76,"column":8}},{"start":{"line":76,"column":8},"end":{"line":76,"column":8}}]},"6":{"line":83,"type":"if","locations":[{"start":{"line":83,"column":8},"end":{"line":83,"column":8}},{"start":{"line":83,"column":8},"end":{"line":83,"column":8}}]},"7":{"line":90,"type":"if","locations":[{"start":{"line":90,"column":8},"end":{"line":90,"column":8}},{"start":{"line":90,"column":8},"end":{"line":90,"column":8}}]}}},
"contracts/gelato_core/interfaces/IGelatoCore.sol":{"l":{},"path":"/Users/luis/Desktop/gelato-gnosis-safe/contracts/gelato_core/interfaces/IGelatoCore.sol","s":{},"b":{},"f":{},"fnMap":{},"statementMap":{},"branchMap":{}},
"contracts/gelato_core/interfaces/IGelatoExecutors.sol":{"l":{},"path":"/Users/luis/Desktop/gelato-gnosis-safe/contracts/gelato_core/interfaces/IGelatoExecutors.sol","s":{},"b":{},"f":{},"fnMap":{},"statementMap":{},"branchMap":{}},
"contracts/gelato_core/interfaces/IGelatoGasPriceOracle.sol":{"l":{},"path":"/Users/luis/Desktop/gelato-gnosis-safe/contracts/gelato_core/interfaces/IGelatoGasPriceOracle.sol","s":{},"b":{},"f":{},"fnMap":{},"statementMap":{},"branchMap":{}},
"contracts/gelato_core/interfaces/IGelatoProviderModule.sol":{"l":{},"path":"/Users/luis/Desktop/gelato-gnosis-safe/contracts/gelato_core/interfaces/IGelatoProviderModule.sol","s":{},"b":{},"f":{},"fnMap":{},"statementMap":{},"branchMap":{}},
"contracts/gelato_core/interfaces/IGelatoProviders.sol":{"l":{},"path":"/Users/luis/Desktop/gelato-gnosis-safe/contracts/gelato_core/interfaces/IGelatoProviders.sol","s":{},"b":{},"f":{},"fnMap":{},"statementMap":{},"branchMap":{}},
"contracts/gelato_core/interfaces/IGelatoSysAdmin.sol":{"l":{},"path":"/Users/luis/Desktop/gelato-gnosis-safe/contracts/gelato_core/interfaces/IGelatoSysAdmin.sol","s":{},"b":{},"f":{},"fnMap":{},"statementMap":{},"branchMap":{}},
"contracts/user_proxies/gelato_user_proxy/GelatoUserProxy.sol":{"l":{"13":0,"14":0,"18":0,"19":0,"23":0,"27":0,"36":0,"37":0,"43":0,"52":0,"62":0,"63":0,"65":0,"67":0,"77":0,"78":0,"79":0,"81":0,"83":0,"94":0,"95":0,"98":0,"99":0,"100":0,"101":0,"102":0,"103":0,"108":0,"111":0,"122":0,"132":0,"133":0,"136":0,"137":0,"138":0,"139":0,"140":0,"141":0,"146":0,"149":0,"160":0},"path":"/Users/luis/Desktop/gelato-gnosis-safe/contracts/user_proxies/gelato_user_proxy/GelatoUserProxy.sol","s":{"1":0,"2":0,"3":0,"4":0,"5":0,"6":0,"7":0,"8":0,"9":0,"10":0,"11":0,"12":0,"13":0,"14":0,"15":0,"16":0,"17":0,"18":0,"19":0,"20":0,"21":0,"22":0,"23":0,"24":0,"25":0,"26":0,"27":0,"28":0,"29":0,"30":0,"31":0,"32":0,"33":0,"34":0,"35":0,"36":0,"37":0,"38":0},"b":{"1":[0,0],"2":[0,0],"3":[0,0],"4":[0,0],"5":[0,0],"6":[0,0],"7":[0,0],"8":[0,0],"9":[0,0],"10":[0,0],"11":[0,0],"12":[0,0],"13":[0,0]},"f":{"1":0,"2":0,"3":0,"4":0,"5":0,"6":0,"7":0,"8":0,"9":0,"10":0,"11":0,"12":0,"13":0},"fnMap":{"1":{"name":"noZeroAddress","line":12,"loc":{"start":{"line":12,"column":4},"end":{"line":12,"column":35}}},"2":{"name":"onlyUser","line":17,"loc":{"start":{"line":17,"column":4},"end":{"line":17,"column":21}}},"3":{"name":"auth","line":22,"loc":{"start":{"line":22,"column":4},"end":{"line":22,"column":17}}},"4":{"name":"constructor","line":34,"loc":{"start":{"line":34,"column":33},"end":{"line":35,"column":5}}},"5":{"name":null,"line":40,"loc":{"start":{"line":40,"column":4},"end":{"line":40,"column":28}}},"6":{"name":"mintExecClaim","line":42,"loc":{"start":{"line":42,"column":73},"end":{"line":42,"column":3}}},"7":{"name":"mintSelfProvidedExecClaim","line":50,"loc":{"start":{"line":50,"column":15},"end":{"line":51,"column":5}}},"8":{"name":"execGelatoAction","line":60,"loc":{"start":{"line":60,"column":11},"end":{"line":61,"column":5}}},"9":{"name":"multiExecGelatoActions","line":75,"loc":{"start":{"line":75,"column":11},"end":{"line":76,"column":5}}},"10":{"name":"callAction","line":92,"loc":{"start":{"line":92,"column":29},"end":{"line":93,"column":5}}},"11":{"name":"multiCallActions","line":120,"loc":{"start":{"line":120,"column":11},"end":{"line":121,"column":5}}},"12":{"name":"delegatecallAction","line":130,"loc":{"start":{"line":130,"column":29},"end":{"line":131,"column":5}}},"13":{"name":"multiDelegatecallActions","line":158,"loc":{"start":{"line":158,"column":11},"end":{"line":159,"column":5}}}},"statementMap":{"1":{"start":{"line":13,"column":8},"end":{"line":13,"column":64}},"2":{"start":{"line":18,"column":8},"end":{"line":18,"column":70}},"3":{"start":{"line":23,"column":8},"end":{"line":23,"column":695}},"4":{"start":{"line":36,"column":8},"end":{"line":36,"column":19}},"5":{"start":{"line":37,"column":8},"end":{"line":37,"column":31}},"6":{"start":{"line":43,"column":8},"end":{"line":43,"column":51}},"7":{"start":{"line":52,"column":8},"end":{"line":52,"column":92}},"8":{"start":{"line":62,"column":8},"end":{"line":62,"column":1766}},"9":{"start":{"line":63,"column":12},"end":{"line":63,"column":58}},"10":{"start":{"line":64,"column":13},"end":{"line":64,"column":1881}},"11":{"start":{"line":65,"column":12},"end":{"line":65,"column":66}},"12":{"start":{"line":67,"column":12},"end":{"line":67,"column":72}},"13":{"start":{"line":77,"column":8},"end":{"line":77,"column":2260}},"14":{"start":{"line":78,"column":12},"end":{"line":78,"column":2392}},"15":{"start":{"line":79,"column":16},"end":{"line":79,"column":70}},"16":{"start":{"line":80,"column":17},"end":{"line":80,"column":2527}},"17":{"start":{"line":81,"column":16},"end":{"line":81,"column":78}},"18":{"start":{"line":83,"column":16},"end":{"line":83,"column":82}},"19":{"start":{"line":94,"column":8},"end":{"line":94,"column":80}},"20":{"start":{"line":95,"column":8},"end":{"line":95,"column":2954}},"21":{"start":{"line":98,"column":12},"end":{"line":98,"column":3079}},"22":{"start":{"line":99,"column":16},"end":{"line":99,"column":31}},"23":{"start":{"line":101,"column":16},"end":{"line":101,"column":3223}},"24":{"start":{"line":103,"column":20},"end":{"line":103,"column":3372}},"25":{"start":{"line":108,"column":20},"end":{"line":108,"column":71}},"26":{"start":{"line":111,"column":16},"end":{"line":111,"column":72}},"27":{"start":{"line":122,"column":8},"end":{"line":122,"column":84}},"28":{"start":{"line":122,"column":51},"end":{"line":122,"column":83}},"29":{"start":{"line":132,"column":8},"end":{"line":132,"column":70}},"30":{"start":{"line":133,"column":8},"end":{"line":133,"column":4242}},"31":{"start":{"line":136,"column":12},"end":{"line":136,"column":4367}},"32":{"start":{"line":137,"column":16},"end":{"line":137,"column":31}},"33":{"start":{"line":139,"column":16},"end":{"line":139,"column":4511}},"34":{"start":{"line":141,"column":20},"end":{"line":141,"column":4660}},"35":{"start":{"line":146,"column":20},"end":{"line":146,"column":79}},"36":{"start":{"line":149,"column":16},"end":{"line":149,"column":80}},"37":{"start":{"line":160,"column":8},"end":{"line":160,"column":92}},"38":{"start":{"line":160,"column":51},"end":{"line":160,"column":91}}},"branchMap":{"1":{"line":13,"type":"if","locations":[{"start":{"line":13,"column":8},"end":{"line":13,"column":8}},{"start":{"line":13,"column":8},"end":{"line":13,"column":8}}]},"2":{"line":18,"type":"if","locations":[{"start":{"line":18,"column":8},"end":{"line":18,"column":8}},{"start":{"line":18,"column":8},"end":{"line":18,"column":8}}]},"3":{"line":23,"type":"if","locations":[{"start":{"line":23,"column":8},"end":{"line":23,"column":8}},{"start":{"line":23,"column":8},"end":{"line":23,"column":8}}]},"4":{"line":62,"type":"if","locations":[{"start":{"line":62,"column":8},"end":{"line":62,"column":8}},{"start":{"line":62,"column":8},"end":{"line":62,"column":8}}]},"5":{"line":64,"type":"if","locations":[{"start":{"line":64,"column":13},"end":{"line":64,"column":13}},{"start":{"line":64,"column":13},"end":{"line":64,"column":13}}]},"6":{"line":78,"type":"if","locations":[{"start":{"line":78,"column":12},"end":{"line":78,"column":12}},{"start":{"line":78,"column":12},"end":{"line":78,"column":12}}]},"7":{"line":80,"type":"if","locations":[{"start":{"line":80,"column":17},"end":{"line":80,"column":17}},{"start":{"line":80,"column":17},"end":{"line":80,"column":17}}]},"8":{"line":95,"type":"if","locations":[{"start":{"line":95,"column":8},"end":{"line":95,"column":8}},{"start":{"line":95,"column":8},"end":{"line":95,"column":8}}]},"9":{"line":98,"type":"if","locations":[{"start":{"line":98,"column":12},"end":{"line":98,"column":12}},{"start":{"line":98,"column":12},"end":{"line":98,"column":12}}]},"10":{"line":101,"type":"if","locations":[{"start":{"line":101,"column":16},"end":{"line":101,"column":16}},{"start":{"line":101,"column":16},"end":{"line":101,"column":16}}]},"11":{"line":133,"type":"if","locations":[{"start":{"line":133,"column":8},"end":{"line":133,"column":8}},{"start":{"line":133,"column":8},"end":{"line":133,"column":8}}]},"12":{"line":136,"type":"if","locations":[{"start":{"line":136,"column":12},"end":{"line":136,"column":12}},{"start":{"line":136,"column":12},"end":{"line":136,"column":12}}]},"13":{"line":139,"type":"if","locations":[{"start":{"line":139,"column":16},"end":{"line":139,"column":16}},{"start":{"line":139,"column":16},"end":{"line":139,"column":16}}]}}},
"contracts/user_proxies/gelato_user_proxy/GelatoUserProxyFactory.sol":{"l":{"23":0,"24":0,"25":0,"38":0,"40":0,"41":0,"45":0,"47":0,"57":0,"59":0,"68":0,"72":0,"76":0},"path":"/Users/luis/Desktop/gelato-gnosis-safe/contracts/user_proxies/gelato_user_proxy/GelatoUserProxyFactory.sol","s":{"1":0,"2":0,"3":0,"4":0,"5":0,"6":0,"7":0,"8":0,"9":0,"10":0,"11":0,"12":0,"13":0,"14":0},"b":{"1":[0,0]},"f":{"1":0,"2":0,"3":0,"4":0,"5":0,"6":0,"7":0},"fnMap":{"1":{"name":"constructor","line":14,"loc":{"start":{"line":14,"column":4},"end":{"line":14,"column":41}}},"2":{"name":"create","line":17,"loc":{"start":{"line":17,"column":4},"end":{"line":22,"column":5}}},"3":{"name":"createTwo","line":31,"loc":{"start":{"line":31,"column":4},"end":{"line":36,"column":5}}},"4":{"name":"predictProxyAddress","line":50,"loc":{"start":{"line":50,"column":4},"end":{"line":55,"column":5}}},"5":{"name":"proxyCreationCode","line":67,"loc":{"start":{"line":67,"column":4},"end":{"line":67,"column":73}}},"6":{"name":"proxyRuntimeCode","line":71,"loc":{"start":{"line":71,"column":4},"end":{"line":71,"column":72}}},"7":{"name":"proxyExtcodehash","line":75,"loc":{"start":{"line":75,"column":4},"end":{"line":75,"column":69}}}},"statementMap":{"1":{"start":{"line":14,"column":46},"end":{"line":14,"column":69}},"2":{"start":{"line":23,"column":8},"end":{"line":23,"column":80}},"3":{"start":{"line":24,"column":8},"end":{"line":24,"column":48}},"4":{"start":{"line":25,"column":8},"end":{"line":25,"column":47}},"5":{"start":{"line":38,"column":8},"end":{"line":38,"column":67}},"6":{"start":{"line":40,"column":8},"end":{"line":40,"column":91}},"7":{"start":{"line":41,"column":8},"end":{"line":41,"column":1471}},"8":{"start":{"line":45,"column":8},"end":{"line":45,"column":47}},"9":{"start":{"line":47,"column":8},"end":{"line":47,"column":46}},"10":{"start":{"line":57,"column":8},"end":{"line":57,"column":67}},"11":{"start":{"line":59,"column":8},"end":{"line":59,"column":2079}},"12":{"start":{"line":68,"column":8},"end":{"line":68,"column":49}},"13":{"start":{"line":72,"column":8},"end":{"line":72,"column":48}},"14":{"start":{"line":76,"column":8},"end":{"line":76,"column":44}}},"branchMap":{"1":{"line":41,"type":"if","locations":[{"start":{"line":41,"column":8},"end":{"line":41,"column":8}},{"start":{"line":41,"column":8},"end":{"line":41,"column":8}}]}}},
"contracts/user_proxies/gelato_user_proxy/IGelatoUserProxy.sol":{"l":{},"path":"/Users/luis/Desktop/gelato-gnosis-safe/contracts/user_proxies/gelato_user_proxy/IGelatoUserProxy.sol","s":{},"b":{},"f":{},"fnMap":{},"statementMap":{},"branchMap":{}},
"contracts/user_proxies/gelato_user_proxy/IGelatoUserProxyFactory.sol":{"l":{},"path":"/Users/luis/Desktop/gelato-gnosis-safe/contracts/user_proxies/gelato_user_proxy/IGelatoUserProxyFactory.sol","s":{},"b":{},"f":{},"fnMap":{},"statementMap":{},"branchMap":{}}}
