TN:
SF:/Users/luis/Desktop/gelato-gnosis-safe/contracts/gelato_core/gelato_provider_module_examples/gelato_user_proxy_provider/ProviderModuleGelatoUserProxy.sol
FN:19,constructor
FN:24,isProvided
FN:39,execPayload
FN:61,provideProxyExtcodehashes
FN:72,unprovideProxyExtcodehashes
FNF:5
FNH:0
FNDA:0,constructor
FNDA:0,isProvided
FNDA:0,execPayload
FNDA:0,provideProxyExtcodehashes
FNDA:0,unprovideProxyExtcodehashes
DA:30,0
DA:31,0
DA:32,0
DA:33,0
DA:34,0
DA:36,0
DA:45,0
DA:46,0
DA:51,0
DA:56,0
DA:62,0
DA:63,0
DA:67,0
DA:68,0
DA:73,0
DA:74,0
DA:78,0
DA:79,0
LF:18
LH:0
BRDA:33,1,0,0
BRDA:33,1,1,0
BRDA:45,2,0,0
BRDA:45,2,1,0
BRDA:50,3,0,0
BRDA:50,3,1,0
BRDA:63,4,0,0
BRDA:63,4,1,0
BRDA:74,5,0,0
BRDA:74,5,1,0
BRF:10
BRH:0
end_of_record
TN:
SF:/Users/luis/Desktop/gelato-gnosis-safe/contracts/gelato_core/gelato_provider_module_examples/gnosis_safe_proxy_provider/ProviderModuleGnosisSafeProxy.sol
FN:26,constructor
FN:36,isProvided
FN:55,execPayload
FN:110,provideProxyExtcodehashes
FN:121,unprovideProxyExtcodehashes
FN:132,provideMastercopies
FN:143,unprovideMastercopies
FN:158,batchProvide
FN:167,batchUnprovide
FN:173,setGelatoCore
FN:178,isGelatoCoreWhitelisted
FNF:11
FNH:0
FNDA:0,constructor
FNDA:0,isProvided
FNDA:0,execPayload
FNDA:0,provideProxyExtcodehashes
FNDA:0,unprovideProxyExtcodehashes
FNDA:0,provideMastercopies
FNDA:0,unprovideMastercopies
FNDA:0,batchProvide
FNDA:0,batchUnprovide
FNDA:0,setGelatoCore
FNDA:0,isGelatoCoreWhitelisted
DA:29,0
DA:30,0
DA:42,0
DA:43,0
DA:44,0
DA:45,0
DA:46,0
DA:47,0
DA:48,0
DA:49,0
DA:50,0
DA:51,0
DA:52,0
DA:61,0
DA:62,0
DA:64,0
DA:65,0
DA:67,0
DA:70,0
DA:79,0
DA:81,0
DA:82,0
DA:89,0
DA:92,0
DA:97,0
DA:105,0
DA:111,0
DA:112,0
DA:116,0
DA:117,0
DA:122,0
DA:123,0
DA:127,0
DA:128,0
DA:133,0
DA:134,0
DA:138,0
DA:139,0
DA:144,0
DA:145,0
DA:149,0
DA:150,0
DA:160,0
DA:161,0
DA:169,0
DA:170,0
DA:174,0
DA:175,0
DA:183,0
DA:184,0
DA:185,0
DA:186,0
LF:52
LH:0
BRDA:45,1,0,0
BRDA:45,1,1,0
BRDA:48,2,0,0
BRDA:48,2,1,0
BRDA:50,3,0,0
BRDA:50,3,1,0
BRDA:61,4,0,0
BRDA:61,4,1,0
BRDA:64,5,0,0
BRDA:64,5,1,0
BRDA:66,6,0,0
BRDA:66,6,1,0
BRDA:77,7,0,0
BRDA:77,7,1,0
BRDA:112,8,0,0
BRDA:112,8,1,0
BRDA:123,9,0,0
BRDA:123,9,1,0
BRDA:134,10,0,0
BRDA:134,10,1,0
BRDA:145,11,0,0
BRDA:145,11,1,0
BRDA:174,12,0,0
BRDA:174,12,1,0
BRDA:185,13,0,0
BRDA:185,13,1,0
BRF:26
BRH:0
end_of_record
TN:
SF:/Users/luis/Desktop/gelato-gnosis-safe/contracts/gelato_core/GelatoCore.sol
FN:31,mintExecClaim
FN:79,mintSelfProvidedExecClaim
FN:102,canExec
FN:165,exec
FN:248,executionWrapper
FN:266,_exec
FN:327,_processProviderPayables
FN:365,cancelExecClaim
FN:379,batchCancelExecClaim
FN:384,collectExecClaimRent
FN:433,batchCollectExecClaimRent
FNF:11
FNH:0
FNDA:0,mintExecClaim
FNDA:0,mintSelfProvidedExecClaim
FNDA:0,canExec
FNDA:0,exec
FNDA:0,executionWrapper
FNDA:0,_exec
FNDA:0,_processProviderPayables
FNDA:0,cancelExecClaim
FNDA:0,batchCancelExecClaim
FNDA:0,collectExecClaimRent
FNDA:0,batchCollectExecClaimRent
DA:33,0
DA:34,0
DA:37,0
DA:40,0
DA:41,0
DA:47,0
DA:48,0
DA:55,0
DA:56,0
DA:57,0
DA:64,0
DA:65,0
DA:68,0
DA:71,0
DA:74,0
DA:76,0
DA:85,0
DA:91,0
DA:94,0
DA:98,0
DA:108,0
DA:109,0
DA:110,0
DA:113,0
DA:115,0
DA:116,0
DA:118,0
DA:121,0
DA:122,0
DA:135,0
DA:137,0
DA:139,0
DA:151,0
DA:155,0
DA:157,0
DA:167,0
DA:169,0
DA:172,0
DA:173,0
DA:176,0
DA:178,0
DA:179,0
DA:181,0
DA:192,0
DA:194,0
DA:195,0
DA:202,0
DA:203,0
DA:207,0
DA:208,0
DA:212,0
DA:216,0
DA:217,0
DA:224,0
DA:230,0
DA:234,0
DA:235,0
DA:242,0
DA:252,0
DA:255,0
DA:256,0
DA:259,0
DA:260,0
DA:263,0
DA:271,0
DA:274,0
DA:276,0
DA:277,0
DA:290,0
DA:291,0
DA:297,0
DA:298,0
DA:300,0
DA:305,0
DA:307,0
DA:309,0
DA:310,0
DA:311,0
DA:312,0
DA:313,0
DA:314,0
DA:318,0
DA:321,0
DA:338,0
DA:341,0
DA:343,0
DA:344,0
DA:345,0
DA:347,0
DA:351,0
DA:352,0
DA:355,0
DA:356,0
DA:360,0
DA:367,0
DA:368,0
DA:370,0
DA:371,0
DA:375,0
DA:376,0
DA:380,0
DA:386,0
DA:390,0
DA:391,0
DA:396,0
DA:400,0
DA:408,0
DA:412,0
DA:413,0
DA:419,0
DA:422,0
DA:423,0
DA:425,0
DA:434,0
LF:114
LH:0
BRDA:41,1,0,0
BRDA:41,1,1,0
BRDA:47,2,0,0
BRDA:47,2,1,0
BRDA:48,3,0,0
BRDA:48,3,1,0
BRDA:55,4,0,0
BRDA:55,4,1,0
BRDA:57,5,0,0
BRDA:57,5,1,0
BRDA:85,6,0,0
BRDA:85,6,1,0
BRDA:91,7,0,0
BRDA:91,7,1,0
BRDA:94,8,0,0
BRDA:94,8,1,0
BRDA:108,9,0,0
BRDA:108,9,1,0
BRDA:110,10,0,0
BRDA:110,10,1,0
BRDA:113,11,0,0
BRDA:113,11,1,0
BRDA:116,12,0,0
BRDA:116,12,1,0
BRDA:118,13,0,0
BRDA:118,13,1,0
BRDA:121,14,0,0
BRDA:121,14,1,0
BRDA:137,15,0,0
BRDA:137,15,1,0
BRDA:151,16,0,0
BRDA:151,16,1,0
BRDA:169,17,0,0
BRDA:169,17,1,0
BRDA:176,18,0,0
BRDA:176,18,1,0
BRDA:192,19,0,0
BRDA:192,19,1,0
BRDA:205,20,0,0
BRDA:205,20,1,0
BRDA:210,21,0,0
BRDA:210,21,1,0
BRDA:212,22,0,0
BRDA:212,22,1,0
BRDA:230,23,0,0
BRDA:230,23,1,0
BRDA:252,24,0,0
BRDA:252,24,1,0
BRDA:256,25,0,0
BRDA:256,25,1,0
BRDA:260,26,0,0
BRDA:260,26,1,0
BRDA:274,27,0,0
BRDA:274,27,1,0
BRDA:290,28,0,0
BRDA:290,28,1,0
BRDA:297,29,0,0
BRDA:297,29,1,0
BRDA:299,30,0,0
BRDA:299,30,1,0
BRDA:305,31,0,0
BRDA:305,31,1,0
BRDA:307,32,0,0
BRDA:307,32,1,0
BRDA:309,33,0,0
BRDA:309,33,1,0
BRDA:312,34,0,0
BRDA:312,34,1,0
BRDA:343,35,0,0
BRDA:343,35,1,0
BRDA:367,36,0,0
BRDA:367,36,1,0
BRDA:368,37,0,0
BRDA:368,37,1,0
BRDA:371,38,0,0
BRDA:371,38,1,0
BRDA:386,39,0,0
BRDA:386,39,1,0
BRDA:390,40,0,0
BRDA:390,40,1,0
BRDA:391,41,0,0
BRDA:391,41,1,0
BRDA:396,42,0,0
BRDA:396,42,1,0
BRDA:400,43,0,0
BRDA:400,43,1,0
BRDA:408,44,0,0
BRDA:408,44,1,0
BRDA:413,45,0,0
BRDA:413,45,1,0
BRF:90
BRH:0
end_of_record
TN:
SF:/Users/luis/Desktop/gelato-gnosis-safe/contracts/gelato_core/GelatoExecutors.sol
FN:16,stakeExecutor
FN:29,unstakeExecutor
FN:46,increaseExecutorStake
FN:53,batchReassignProviders
FN:62,withdrawExcessExecutorStake
FNF:5
FNH:1
FNDA:45,stakeExecutor
FNDA:0,unstakeExecutor
FNDA:0,increaseExecutorStake
FNDA:0,batchReassignProviders
FNDA:0,withdrawExcessExecutorStake
DA:17,45
DA:21,45
DA:25,45
DA:26,45
DA:30,0
DA:34,0
DA:38,0
DA:39,0
DA:40,0
DA:41,0
DA:47,0
DA:48,0
DA:49,0
DA:57,0
DA:58,0
DA:67,0
DA:69,0
DA:71,0
DA:73,0
DA:75,0
DA:78,0
DA:81,0
DA:82,0
LF:23
LH:4
BRDA:17,1,0,45
BRDA:17,1,1,0
BRDA:21,2,0,45
BRDA:21,2,1,0
BRDA:30,3,0,0
BRDA:30,3,1,0
BRDA:34,4,0,0
BRDA:34,4,1,0
BRDA:48,5,0,0
BRDA:48,5,1,0
BRDA:67,6,0,0
BRDA:67,6,1,0
BRF:12
BRH:2
end_of_record
TN:
SF:/Users/luis/Desktop/gelato-gnosis-safe/contracts/gelato_core/GelatoGasPriceOracle.sol
FN:14,constructor
FN:20,onlyOracleAdmin
FN:25,onlyGelatoCore
FN:30,setOracleAdmin
FN:35,setGelatoCore
FN:40,setGasPrice
FN:46,getGasPrice
FNF:7
FNH:0
FNDA:0,constructor
FNDA:0,onlyOracleAdmin
FNDA:0,onlyGelatoCore
FNDA:0,setOracleAdmin
FNDA:0,setGelatoCore
FNDA:0,setGasPrice
FNDA:0,getGasPrice
DA:15,0
DA:16,0
DA:17,0
DA:21,0
DA:22,0
DA:26,0
DA:27,0
DA:31,0
DA:32,0
DA:36,0
DA:37,0
DA:41,0
DA:42,0
DA:43,0
DA:47,0
LF:15
LH:0
BRDA:21,1,0,0
BRDA:21,1,1,0
BRDA:26,2,0,0
BRDA:26,2,1,0
BRDA:41,3,0,0
BRDA:41,3,1,0
BRF:6
BRH:0
end_of_record
TN:
SF:/Users/luis/Desktop/gelato-gnosis-safe/contracts/gelato_core/GelatoProviders.sol
FN:45,isCAMProvided
FN:61,providerModuleChecks
FN:82,isExecClaimProvided
FN:93,providerCanExec
FN:107,provideFunds
FN:114,unprovideFunds
FN:139,providerAssignsExecutor
FN:167,executorAssignsExecutor
FN:198,provideCAMs
FN:221,unprovideCAMs
FN:234,addProviderModules
FN:245,removeProviderModules
FN:257,batchProvide
FN:272,batchUnprovide
FN:286,isProviderMinFunded
FN:291,isExecutorMinStaked
FN:296,isExecutorAssigned
FN:301,camHash
FN:320,isProviderModule
FN:329,numOfProviderModules
FN:333,providerModules
FNF:21
FNH:14
FNDA:14,isCAMProvided
FNDA:4,providerModuleChecks
FNDA:6,isExecClaimProvided
FNDA:0,providerCanExec
FNDA:55,provideFunds
FNDA:14,unprovideFunds
FNDA:39,providerAssignsExecutor
FNDA:7,executorAssignsExecutor
FNDA:20,provideCAMs
FNDA:10,unprovideCAMs
FNDA:0,addProviderModules
FNDA:0,removeProviderModules
FNDA:0,batchProvide
FNDA:0,batchUnprovide
FNDA:50,isProviderMinFunded
FNDA:40,isExecutorMinStaked
FNDA:11,isExecutorAssigned
FNDA:65,camHash
FNDA:4,isProviderModule
FNDA:0,numOfProviderModules
FNDA:0,providerModules
DA:55,14
DA:56,14
DA:57,8
DA:67,4
DA:68,4
DA:70,0
DA:74,0
DA:88,6
DA:89,6
DA:100,0
DA:101,0
DA:102,0
DA:103,0
DA:108,55
DA:109,54
DA:110,54
DA:111,54
DA:119,14
DA:120,14
DA:125,12
DA:126,12
DA:127,12
DA:130,12
DA:133,12
DA:135,12
DA:140,39
DA:143,39
DA:147,38
DA:148,35
DA:153,37
DA:159,36
DA:160,36
DA:161,36
DA:163,36
DA:168,7
DA:171,7
DA:175,6
DA:180,5
DA:184,4
DA:190,3
DA:191,3
DA:192,3
DA:194,3
DA:199,20
DA:200,30
DA:202,30
DA:204,30
DA:205,30
DA:210,28
DA:212,28
DA:222,10
DA:223,14
DA:224,14
DA:228,10
DA:229,10
DA:235,0
DA:236,0
DA:240,0
DA:241,0
DA:246,0
DA:247,0
DA:251,0
DA:252,0
DA:266,0
DA:267,0
DA:268,0
DA:269,0
DA:280,0
DA:281,0
DA:282,0
DA:287,50
DA:292,40
DA:297,11
DA:307,65
DA:308,65
DA:309,90
DA:314,90
DA:316,65
DA:326,4
DA:330,0
DA:339,0
LF:81
LH:58
BRDA:56,1,0,6
BRDA:56,1,1,8
BRDA:67,2,0,4
BRDA:67,2,1,0
BRDA:89,3,0,4
BRDA:89,3,1,2
BRDA:101,4,0,0
BRDA:101,4,1,0
BRDA:108,5,0,54
BRDA:108,5,1,1
BRDA:120,6,0,12
BRDA:120,6,1,2
BRDA:143,7,0,38
BRDA:143,7,1,1
BRDA:147,8,0,35
BRDA:147,8,1,3
BRDA:148,9,0,34
BRDA:148,9,1,1
BRDA:153,10,0,36
BRDA:153,10,1,1
BRDA:159,11,0,6
BRDA:159,11,1,30
BRDA:161,12,0,33
BRDA:161,12,1,3
BRDA:171,13,0,6
BRDA:171,13,1,1
BRDA:175,14,0,5
BRDA:175,14,1,1
BRDA:180,15,0,4
BRDA:180,15,1,1
BRDA:184,16,0,3
BRDA:184,16,1,1
BRDA:200,17,0,0
BRDA:200,17,1,30
BRDA:205,18,0,28
BRDA:205,18,1,2
BRDA:224,19,0,10
BRDA:224,19,1,4
BRDA:236,20,0,0
BRDA:236,20,1,0
BRDA:247,21,0,0
BRDA:247,21,1,0
BRDA:266,22,0,0
BRDA:266,22,1,0
BRDA:267,23,0,0
BRDA:267,23,1,0
BRDA:280,24,0,0
BRDA:280,24,1,0
BRF:48
BRH:34
end_of_record
TN:
SF:/Users/luis/Desktop/gelato-gnosis-safe/contracts/gelato_core/GelatoSysAdmin.sol
FN:29,setGelatoGasPriceOracle
FN:36,gelatoGasPrice
FN:41,setGelatoMaxGas
FN:47,setInternalGasRequirement
FN:53,setMinProviderFunds
FN:60,setMinExecutorStake
FN:67,setExecClaimTenancy
FN:74,setExecClaimRent
FN:81,setExecutorSuccessShare
FN:88,setSysAdminSuccessShare
FN:97,withdrawSysAdminFunds
FN:114,executorSuccessFee
FN:128,sysAdminSuccessFee
FNF:13
FNH:12
FNDA:3,setGelatoGasPriceOracle
FNDA:0,gelatoGasPrice
FNDA:3,setGelatoMaxGas
FNDA:3,setInternalGasRequirement
FNDA:6,setMinProviderFunds
FNDA:3,setMinExecutorStake
FNDA:3,setExecClaimTenancy
FNDA:3,setExecClaimRent
FNDA:3,setExecutorSuccessShare
FNDA:3,setSysAdminSuccessShare
FNDA:6,withdrawSysAdminFunds
FNDA:1,executorSuccessFee
FNDA:1,sysAdminSuccessFee
DA:30,3
DA:31,3
DA:32,3
DA:37,0
DA:42,3
DA:43,3
DA:48,3
DA:49,3
DA:54,6
DA:55,6
DA:61,3
DA:62,3
DA:68,3
DA:69,3
DA:75,3
DA:76,3
DA:82,3
DA:83,3
DA:89,3
DA:90,3
DA:100,6
DA:102,6
DA:104,6
DA:107,6
DA:109,6
DA:110,6
DA:120,1
DA:121,1
DA:134,1
DA:135,1
LF:30
LH:29
BRDA:30,1,0,3
BRDA:30,1,1,0
BRDA:55,2,0,0
BRDA:55,2,1,6
BRDA:62,3,0,0
BRDA:62,3,1,3
BRDA:69,4,0,0
BRDA:69,4,1,3
BRDA:76,5,0,0
BRDA:76,5,1,3
BRDA:83,6,0,0
BRDA:83,6,1,3
BRDA:90,7,0,0
BRDA:90,7,1,3
BRF:14
BRH:7
end_of_record
TN:
SF:/Users/luis/Desktop/gelato-gnosis-safe/contracts/user_proxies/gelato_user_proxy/GelatoUserProxy.sol
FN:12,noZeroAddress
FN:17,onlyUser
FN:22,auth
FN:34,constructor
FN:40,
FN:42,mintExecClaim
FN:50,mintSelfProvidedExecClaim
FN:60,execGelatoAction
FN:75,multiExecGelatoActions
FN:92,callAction
FN:120,multiCallActions
FN:130,delegatecallAction
FN:158,multiDelegatecallActions
FNF:13
FNH:0
FNDA:0,noZeroAddress
FNDA:0,onlyUser
FNDA:0,auth
FNDA:0,constructor
FNDA:0,
FNDA:0,mintExecClaim
FNDA:0,mintSelfProvidedExecClaim
FNDA:0,execGelatoAction
FNDA:0,multiExecGelatoActions
FNDA:0,callAction
FNDA:0,multiCallActions
FNDA:0,delegatecallAction
FNDA:0,multiDelegatecallActions
DA:13,0
DA:14,0
DA:18,0
DA:19,0
DA:23,0
DA:27,0
DA:36,0
DA:37,0
DA:43,0
DA:52,0
DA:62,0
DA:63,0
DA:65,0
DA:67,0
DA:77,0
DA:78,0
DA:79,0
DA:81,0
DA:83,0
DA:94,0
DA:95,0
DA:98,0
DA:99,0
DA:100,0
DA:101,0
DA:102,0
DA:103,0
DA:108,0
DA:111,0
DA:122,0
DA:132,0
DA:133,0
DA:136,0
DA:137,0
DA:138,0
DA:139,0
DA:140,0
DA:141,0
DA:146,0
DA:149,0
DA:160,0
LF:41
LH:0
BRDA:13,1,0,0
BRDA:13,1,1,0
BRDA:18,2,0,0
BRDA:18,2,1,0
BRDA:23,3,0,0
BRDA:23,3,1,0
BRDA:62,4,0,0
BRDA:62,4,1,0
BRDA:64,5,0,0
BRDA:64,5,1,0
BRDA:78,6,0,0
BRDA:78,6,1,0
BRDA:80,7,0,0
BRDA:80,7,1,0
BRDA:95,8,0,0
BRDA:95,8,1,0
BRDA:98,9,0,0
BRDA:98,9,1,0
BRDA:101,10,0,0
BRDA:101,10,1,0
BRDA:133,11,0,0
BRDA:133,11,1,0
BRDA:136,12,0,0
BRDA:136,12,1,0
BRDA:139,13,0,0
BRDA:139,13,1,0
BRF:26
BRH:0
end_of_record
TN:
SF:/Users/luis/Desktop/gelato-gnosis-safe/contracts/user_proxies/gelato_user_proxy/GelatoUserProxyFactory.sol
FN:14,constructor
FN:17,create
FN:31,createTwo
FN:50,predictProxyAddress
FN:67,proxyCreationCode
FN:71,proxyRuntimeCode
FN:75,proxyExtcodehash
FNF:7
FNH:0
FNDA:0,constructor
FNDA:0,create
FNDA:0,createTwo
FNDA:0,predictProxyAddress
FNDA:0,proxyCreationCode
FNDA:0,proxyRuntimeCode
FNDA:0,proxyExtcodehash
DA:23,0
DA:24,0
DA:25,0
DA:38,0
DA:40,0
DA:41,0
DA:45,0
DA:47,0
DA:57,0
DA:59,0
DA:68,0
DA:72,0
DA:76,0
LF:13
LH:0
BRDA:41,1,0,0
BRDA:41,1,1,0
BRF:2
BRH:0
end_of_record
